<?xml version="1.0" encoding="utf-8"?><testsuites name="pytest tests"><testsuite name="pytest" errors="1" failures="0" skipped="0" tests="1" time="0.306" timestamp="2025-08-11T23:08:43.836682+09:00" hostname="jack"><testcase classname="somacube_pose_estimation" name="src.somacube_pose_estimation.tests" time="0.000"><error message="collection failure">../../../.local/lib/python3.10/site-packages/pluggy/_hooks.py:512: in __call__
    return self._hookexec(self.name, self._hookimpls.copy(), kwargs, firstresult)
../../../.local/lib/python3.10/site-packages/pluggy/_manager.py:120: in _hookexec
    return self._inner_hookexec(hook_name, methods, kwargs, firstresult)
../../../.local/lib/python3.10/site-packages/_pytest/python.py:192: in pytest_collect_file
    module: Module = ihook.pytest_pycollect_makemodule(
../../../.local/lib/python3.10/site-packages/_pytest/config/compat.py:79: in fixed_hook
    return hook(**kw)
../../../.local/lib/python3.10/site-packages/pluggy/_hooks.py:512: in __call__
    return self._hookexec(self.name, self._hookimpls.copy(), kwargs, firstresult)
../../../.local/lib/python3.10/site-packages/pluggy/_manager.py:120: in _hookexec
    return self._inner_hookexec(hook_name, methods, kwargs, firstresult)
/opt/ros/humble/lib/python3.10/site-packages/launch_testing/pytest/hooks.py:193: in pytest_pycollect_makemodule
    entrypoint = find_launch_test_entrypoint(path)
/opt/ros/humble/lib/python3.10/site-packages/launch_testing/pytest/hooks.py:180: in find_launch_test_entrypoint
    module = import_path(path, root=None, consider_namespace_packages=False)
../../../.local/lib/python3.10/site-packages/_pytest/pathlib.py:587: in import_path
    importlib.import_module(module_name)
/usr/lib/python3.10/importlib/__init__.py:126: in import_module
    return _bootstrap._gcd_import(name[level:], package, level)
&lt;frozen importlib._bootstrap&gt;:1050: in _gcd_import
    ???
&lt;frozen importlib._bootstrap&gt;:1027: in _find_and_load
    ???
&lt;frozen importlib._bootstrap&gt;:1006: in _find_and_load_unlocked
    ???
&lt;frozen importlib._bootstrap&gt;:688: in _load_unlocked
    ???
../../../.local/lib/python3.10/site-packages/_pytest/assertion/rewrite.py:186: in exec_module
    exec(co, module.__dict__)
../../src/somacube_pose_estimation/tests/test_mathematical_foundations.py:15: in &lt;module&gt;
    from somacube_pose_estimation.mathematical_foundations import MathematicalFoundations
../../install/somacube_pose_estimation/local/lib/python3.10/dist-packages/somacube_pose_estimation/__init__.py:21: in &lt;module&gt;
    from .pointcloud_processing import *
E   ModuleNotFoundError: No module named 'somacube_pose_estimation.pointcloud_processing'</error></testcase></testsuite></testsuites>