<?xml version="1.0" encoding="UTF-8"?>
<Site BuildName="(empty)"
	BuildStamp="20250811-1405-Experimental"
	Name="jack"
	Generator="ctest-3.22.1"
	CompilerName="/usr/bin/c++"
	CompilerVersion="11.4.0"
	OSName="Linux"
	Hostname="jack"
	OSRelease="6.8.0-65-generic"
	OSVersion="#68~22.04.1-Ubuntu SMP PREEMPT_DYNAMIC Tue Jul 15 18:06:34 UTC 2"
	OSPlatform="x86_64"
	Is64Bits="1"
	VendorString="AuthenticAMD"
	VendorID="Advanced Micro Devices"
	FamilyID="25"
	ModelID="33"
	ProcessorCacheSize="512"
	NumberOfLogicalCPU="16"
	NumberOfPhysicalCPU="8"
	TotalVirtualMemory="0"
	TotalPhysicalMemory="31998"
	LogicalProcessorsPerPhysical="2"
	ProcessorClockFrequency="2200"
	>
	<Testing>
		<StartDateTime>Aug 11 23:05 KST</StartDateTime>
		<StartTestTime>1754921156</StartTestTime>
		<TestList>
			<Test>./mathematical_foundations</Test>
			<Test>./pose_estimation_pipeline</Test>
			<Test>./copyright</Test>
			<Test>./flake8</Test>
			<Test>./lint_cmake</Test>
			<Test>./pep257</Test>
			<Test>./xmllint</Test>
		</TestList>
		<Test Status="failed">
			<Name>mathematical_foundations</Name>
			<Path>.</Path>
			<FullName>./mathematical_foundations</FullName>
			<FullCommandLine>/usr/bin/python3 "-u" "/opt/ros/humble/share/ament_cmake_test/cmake/run_test.py" "/home/jack/ros2_ws/build/somacube_pose_estimation/test_results/somacube_pose_estimation/mathematical_foundations.xunit.xml" "--package-name" "somacube_pose_estimation" "--output-file" "/home/jack/ros2_ws/build/somacube_pose_estimation/ament_cmake_pytest/mathematical_foundations.txt" "--command" "/usr/bin/python3" "-u" "-m" "pytest" "/home/jack/ros2_ws/src/somacube_pose_estimation/tests/test_mathematical_foundations.py" "-o" "cache_dir=/home/jack/ros2_ws/build/somacube_pose_estimation/ament_cmake_pytest/mathematical_foundations/.cache" "--junit-xml=/home/jack/ros2_ws/build/somacube_pose_estimation/test_results/somacube_pose_estimation/mathematical_foundations.xunit.xml" "--junit-prefix=somacube_pose_estimation"</FullCommandLine>
			<Results>
				<NamedMeasurement type="text/string" name="Exit Code">
					<Value>Failed</Value>
				</NamedMeasurement>
				<NamedMeasurement type="text/string" name="Exit Value">
					<Value>4</Value>
				</NamedMeasurement>
				<NamedMeasurement type="numeric/double" name="Execution Time">
					<Value>1.36412</Value>
				</NamedMeasurement>
				<NamedMeasurement type="numeric/double" name="Processors">
					<Value>1</Value>
				</NamedMeasurement>
				<NamedMeasurement type="text/string" name="Completion Status">
					<Value>Completed</Value>
				</NamedMeasurement>
				<NamedMeasurement type="text/string" name="Command Line">
					<Value>/usr/bin/python3 "-u" "/opt/ros/humble/share/ament_cmake_test/cmake/run_test.py" "/home/jack/ros2_ws/build/somacube_pose_estimation/test_results/somacube_pose_estimation/mathematical_foundations.xunit.xml" "--package-name" "somacube_pose_estimation" "--output-file" "/home/jack/ros2_ws/build/somacube_pose_estimation/ament_cmake_pytest/mathematical_foundations.txt" "--command" "/usr/bin/python3" "-u" "-m" "pytest" "/home/jack/ros2_ws/src/somacube_pose_estimation/tests/test_mathematical_foundations.py" "-o" "cache_dir=/home/jack/ros2_ws/build/somacube_pose_estimation/ament_cmake_pytest/mathematical_foundations/.cache" "--junit-xml=/home/jack/ros2_ws/build/somacube_pose_estimation/test_results/somacube_pose_estimation/mathematical_foundations.xunit.xml" "--junit-prefix=somacube_pose_estimation"</Value>
				</NamedMeasurement>
				<NamedMeasurement type="text/string" name="Environment">
					<Value>#CTEST_RESOURCE_GROUP_COUNT=</Value>
				</NamedMeasurement>
				<Measurement>
					<Value>-- run_test.py: invoking following command in '/home/jack/ros2_ws/build/somacube_pose_estimation':
 - /usr/bin/python3 -u -m pytest /home/jack/ros2_ws/src/somacube_pose_estimation/tests/test_mathematical_foundations.py -o cache_dir=/home/jack/ros2_ws/build/somacube_pose_estimation/ament_cmake_pytest/mathematical_foundations/.cache --junit-xml=/home/jack/ros2_ws/build/somacube_pose_estimation/test_results/somacube_pose_estimation/mathematical_foundations.xunit.xml --junit-prefix=somacube_pose_estimation
============================= test session starts ==============================
platform linux -- Python 3.10.12, pytest-8.4.0, pluggy-1.6.0
cachedir: build/somacube_pose_estimation/ament_cmake_pytest/mathematical_foundations/.cache
rootdir: /home/jack/ros2_ws
plugins: launch-testing-ros-0.19.9, ament-flake8-0.12.12, ament-lint-0.12.12, ament-copyright-0.12.12, launch-testing-1.0.9, ament-pep257-0.12.12, ament-xmllint-0.12.12, dash-3.2.0, rerunfailures-15.1, langsmith-0.4.13, anyio-4.9.0, cov-6.1.1, hydra-core-1.3.2, colcon-core-0.19.0, repeat-0.9.4
collected 0 items / 1 error

==================================== ERRORS ====================================
_____________ ERROR collecting src/somacube_pose_estimation/tests ______________
../../../.local/lib/python3.10/site-packages/pluggy/_hooks.py:512: in __call__
    return self._hookexec(self.name, self._hookimpls.copy(), kwargs, firstresult)
../../../.local/lib/python3.10/site-packages/pluggy/_manager.py:120: in _hookexec
    return self._inner_hookexec(hook_name, methods, kwargs, firstresult)
../../../.local/lib/python3.10/site-packages/_pytest/python.py:192: in pytest_collect_file
    module: Module = ihook.pytest_pycollect_makemodule(
../../../.local/lib/python3.10/site-packages/_pytest/config/compat.py:79: in fixed_hook
    return hook(**kw)
../../../.local/lib/python3.10/site-packages/pluggy/_hooks.py:512: in __call__
    return self._hookexec(self.name, self._hookimpls.copy(), kwargs, firstresult)
../../../.local/lib/python3.10/site-packages/pluggy/_manager.py:120: in _hookexec
    return self._inner_hookexec(hook_name, methods, kwargs, firstresult)
/opt/ros/humble/lib/python3.10/site-packages/launch_testing/pytest/hooks.py:193: in pytest_pycollect_makemodule
    entrypoint = find_launch_test_entrypoint(path)
/opt/ros/humble/lib/python3.10/site-packages/launch_testing/pytest/hooks.py:180: in find_launch_test_entrypoint
    module = import_path(path, root=None, consider_namespace_packages=False)
../../../.local/lib/python3.10/site-packages/_pytest/pathlib.py:587: in import_path
    importlib.import_module(module_name)
/usr/lib/python3.10/importlib/__init__.py:126: in import_module
    return _bootstrap._gcd_import(name[level:], package, level)
&lt;frozen importlib._bootstrap&gt;:1050: in _gcd_import
    ???
&lt;frozen importlib._bootstrap&gt;:1027: in _find_and_load
    ???
&lt;frozen importlib._bootstrap&gt;:1006: in _find_and_load_unlocked
    ???
&lt;frozen importlib._bootstrap&gt;:688: in _load_unlocked
    ???
../../../.local/lib/python3.10/site-packages/_pytest/assertion/rewrite.py:186: in exec_module
    exec(co, module.__dict__)
../../src/somacube_pose_estimation/tests/test_mathematical_foundations.py:15: in &lt;module&gt;
    from somacube_pose_estimation.mathematical_foundations import MathematicalFoundations
../../install/somacube_pose_estimation/local/lib/python3.10/dist-packages/somacube_pose_estimation/__init__.py:21: in &lt;module&gt;
    from .pointcloud_processing import *
E   ModuleNotFoundError: No module named 'somacube_pose_estimation.pointcloud_processing'
- generated xml file: /home/jack/ros2_ws/build/somacube_pose_estimation/test_results/somacube_pose_estimation/mathematical_foundations.xunit.xml -
=========================== short test summary info ============================
ERROR ../../src/somacube_pose_estimation/tests - ModuleNotFoundError: No modu...
=============================== 1 error in 0.33s ===============================
ERROR: found no collectors for /home/jack/ros2_ws/src/somacube_pose_estimation/tests/test_mathematical_foundations.py

-- run_test.py: return code 4
-- run_test.py: verify result file '/home/jack/ros2_ws/build/somacube_pose_estimation/test_results/somacube_pose_estimation/mathematical_foundations.xunit.xml'
</Value>
				</Measurement>
			</Results>
			<Labels>
				<Label>pytest</Label>
			</Labels>
		</Test>
		<Test Status="failed">
			<Name>pose_estimation_pipeline</Name>
			<Path>.</Path>
			<FullName>./pose_estimation_pipeline</FullName>
			<FullCommandLine>/usr/bin/python3 "-u" "/opt/ros/humble/share/ament_cmake_test/cmake/run_test.py" "/home/jack/ros2_ws/build/somacube_pose_estimation/test_results/somacube_pose_estimation/pose_estimation_pipeline.xunit.xml" "--package-name" "somacube_pose_estimation" "--output-file" "/home/jack/ros2_ws/build/somacube_pose_estimation/ament_cmake_pytest/pose_estimation_pipeline.txt" "--command" "/usr/bin/python3" "-u" "-m" "pytest" "/home/jack/ros2_ws/src/somacube_pose_estimation/tests/test_pose_pipeline.py" "-o" "cache_dir=/home/jack/ros2_ws/build/somacube_pose_estimation/ament_cmake_pytest/pose_estimation_pipeline/.cache" "--junit-xml=/home/jack/ros2_ws/build/somacube_pose_estimation/test_results/somacube_pose_estimation/pose_estimation_pipeline.xunit.xml" "--junit-prefix=somacube_pose_estimation"</FullCommandLine>
			<Results>
				<NamedMeasurement type="text/string" name="Exit Code">
					<Value>Failed</Value>
				</NamedMeasurement>
				<NamedMeasurement type="text/string" name="Exit Value">
					<Value>4</Value>
				</NamedMeasurement>
				<NamedMeasurement type="numeric/double" name="Execution Time">
					<Value>1.33843</Value>
				</NamedMeasurement>
				<NamedMeasurement type="numeric/double" name="Processors">
					<Value>1</Value>
				</NamedMeasurement>
				<NamedMeasurement type="text/string" name="Completion Status">
					<Value>Completed</Value>
				</NamedMeasurement>
				<NamedMeasurement type="text/string" name="Command Line">
					<Value>/usr/bin/python3 "-u" "/opt/ros/humble/share/ament_cmake_test/cmake/run_test.py" "/home/jack/ros2_ws/build/somacube_pose_estimation/test_results/somacube_pose_estimation/pose_estimation_pipeline.xunit.xml" "--package-name" "somacube_pose_estimation" "--output-file" "/home/jack/ros2_ws/build/somacube_pose_estimation/ament_cmake_pytest/pose_estimation_pipeline.txt" "--command" "/usr/bin/python3" "-u" "-m" "pytest" "/home/jack/ros2_ws/src/somacube_pose_estimation/tests/test_pose_pipeline.py" "-o" "cache_dir=/home/jack/ros2_ws/build/somacube_pose_estimation/ament_cmake_pytest/pose_estimation_pipeline/.cache" "--junit-xml=/home/jack/ros2_ws/build/somacube_pose_estimation/test_results/somacube_pose_estimation/pose_estimation_pipeline.xunit.xml" "--junit-prefix=somacube_pose_estimation"</Value>
				</NamedMeasurement>
				<NamedMeasurement type="text/string" name="Environment">
					<Value>#CTEST_RESOURCE_GROUP_COUNT=</Value>
				</NamedMeasurement>
				<Measurement>
					<Value>-- run_test.py: invoking following command in '/home/jack/ros2_ws/build/somacube_pose_estimation':
 - /usr/bin/python3 -u -m pytest /home/jack/ros2_ws/src/somacube_pose_estimation/tests/test_pose_pipeline.py -o cache_dir=/home/jack/ros2_ws/build/somacube_pose_estimation/ament_cmake_pytest/pose_estimation_pipeline/.cache --junit-xml=/home/jack/ros2_ws/build/somacube_pose_estimation/test_results/somacube_pose_estimation/pose_estimation_pipeline.xunit.xml --junit-prefix=somacube_pose_estimation
============================= test session starts ==============================
platform linux -- Python 3.10.12, pytest-8.4.0, pluggy-1.6.0
cachedir: build/somacube_pose_estimation/ament_cmake_pytest/pose_estimation_pipeline/.cache
rootdir: /home/jack/ros2_ws
plugins: launch-testing-ros-0.19.9, ament-flake8-0.12.12, ament-lint-0.12.12, ament-copyright-0.12.12, launch-testing-1.0.9, ament-pep257-0.12.12, ament-xmllint-0.12.12, dash-3.2.0, rerunfailures-15.1, langsmith-0.4.13, anyio-4.9.0, cov-6.1.1, hydra-core-1.3.2, colcon-core-0.19.0, repeat-0.9.4
collected 0 items / 1 error

==================================== ERRORS ====================================
_____________ ERROR collecting src/somacube_pose_estimation/tests ______________
../../../.local/lib/python3.10/site-packages/pluggy/_hooks.py:512: in __call__
    return self._hookexec(self.name, self._hookimpls.copy(), kwargs, firstresult)
../../../.local/lib/python3.10/site-packages/pluggy/_manager.py:120: in _hookexec
    return self._inner_hookexec(hook_name, methods, kwargs, firstresult)
../../../.local/lib/python3.10/site-packages/_pytest/python.py:192: in pytest_collect_file
    module: Module = ihook.pytest_pycollect_makemodule(
../../../.local/lib/python3.10/site-packages/_pytest/config/compat.py:79: in fixed_hook
    return hook(**kw)
../../../.local/lib/python3.10/site-packages/pluggy/_hooks.py:512: in __call__
    return self._hookexec(self.name, self._hookimpls.copy(), kwargs, firstresult)
../../../.local/lib/python3.10/site-packages/pluggy/_manager.py:120: in _hookexec
    return self._inner_hookexec(hook_name, methods, kwargs, firstresult)
/opt/ros/humble/lib/python3.10/site-packages/launch_testing/pytest/hooks.py:193: in pytest_pycollect_makemodule
    entrypoint = find_launch_test_entrypoint(path)
/opt/ros/humble/lib/python3.10/site-packages/launch_testing/pytest/hooks.py:180: in find_launch_test_entrypoint
    module = import_path(path, root=None, consider_namespace_packages=False)
../../../.local/lib/python3.10/site-packages/_pytest/pathlib.py:587: in import_path
    importlib.import_module(module_name)
/usr/lib/python3.10/importlib/__init__.py:126: in import_module
    return _bootstrap._gcd_import(name[level:], package, level)
&lt;frozen importlib._bootstrap&gt;:1050: in _gcd_import
    ???
&lt;frozen importlib._bootstrap&gt;:1027: in _find_and_load
    ???
&lt;frozen importlib._bootstrap&gt;:1006: in _find_and_load_unlocked
    ???
&lt;frozen importlib._bootstrap&gt;:688: in _load_unlocked
    ???
../../../.local/lib/python3.10/site-packages/_pytest/assertion/rewrite.py:186: in exec_module
    exec(co, module.__dict__)
../../src/somacube_pose_estimation/tests/test_mathematical_foundations.py:15: in &lt;module&gt;
    from somacube_pose_estimation.mathematical_foundations import MathematicalFoundations
../../install/somacube_pose_estimation/local/lib/python3.10/dist-packages/somacube_pose_estimation/__init__.py:21: in &lt;module&gt;
    from .pointcloud_processing import *
E   ModuleNotFoundError: No module named 'somacube_pose_estimation.pointcloud_processing'
- generated xml file: /home/jack/ros2_ws/build/somacube_pose_estimation/test_results/somacube_pose_estimation/pose_estimation_pipeline.xunit.xml -
=========================== short test summary info ============================
ERROR ../../src/somacube_pose_estimation/tests - ModuleNotFoundError: No modu...
=============================== 1 error in 0.30s ===============================
ERROR: found no collectors for /home/jack/ros2_ws/src/somacube_pose_estimation/tests/test_pose_pipeline.py

-- run_test.py: return code 4
-- run_test.py: verify result file '/home/jack/ros2_ws/build/somacube_pose_estimation/test_results/somacube_pose_estimation/pose_estimation_pipeline.xunit.xml'
</Value>
				</Measurement>
			</Results>
			<Labels>
				<Label>pytest</Label>
			</Labels>
		</Test>
		<Test Status="failed">
			<Name>copyright</Name>
			<Path>.</Path>
			<FullName>./copyright</FullName>
			<FullCommandLine>/usr/bin/python3 "-u" "/opt/ros/humble/share/ament_cmake_test/cmake/run_test.py" "/home/jack/ros2_ws/build/somacube_pose_estimation/test_results/somacube_pose_estimation/copyright.xunit.xml" "--package-name" "somacube_pose_estimation" "--output-file" "/home/jack/ros2_ws/build/somacube_pose_estimation/ament_copyright/copyright.txt" "--command" "/opt/ros/humble/bin/ament_copyright" "--xunit-file" "/home/jack/ros2_ws/build/somacube_pose_estimation/test_results/somacube_pose_estimation/copyright.xunit.xml"</FullCommandLine>
			<Results>
				<NamedMeasurement type="text/string" name="Exit Code">
					<Value>Failed</Value>
				</NamedMeasurement>
				<NamedMeasurement type="text/string" name="Exit Value">
					<Value>1</Value>
				</NamedMeasurement>
				<NamedMeasurement type="numeric/double" name="Execution Time">
					<Value>0.141236</Value>
				</NamedMeasurement>
				<NamedMeasurement type="numeric/double" name="Processors">
					<Value>1</Value>
				</NamedMeasurement>
				<NamedMeasurement type="text/string" name="Completion Status">
					<Value>Completed</Value>
				</NamedMeasurement>
				<NamedMeasurement type="text/string" name="Command Line">
					<Value>/usr/bin/python3 "-u" "/opt/ros/humble/share/ament_cmake_test/cmake/run_test.py" "/home/jack/ros2_ws/build/somacube_pose_estimation/test_results/somacube_pose_estimation/copyright.xunit.xml" "--package-name" "somacube_pose_estimation" "--output-file" "/home/jack/ros2_ws/build/somacube_pose_estimation/ament_copyright/copyright.txt" "--command" "/opt/ros/humble/bin/ament_copyright" "--xunit-file" "/home/jack/ros2_ws/build/somacube_pose_estimation/test_results/somacube_pose_estimation/copyright.xunit.xml"</Value>
				</NamedMeasurement>
				<NamedMeasurement type="text/string" name="Environment">
					<Value>#CTEST_RESOURCE_GROUP_COUNT=</Value>
				</NamedMeasurement>
				<Measurement>
					<Value>-- run_test.py: invoking following command in '/home/jack/ros2_ws/src/somacube_pose_estimation':
 - /opt/ros/humble/bin/ament_copyright --xunit-file /home/jack/ros2_ws/build/somacube_pose_estimation/test_results/somacube_pose_estimation/copyright.xunit.xml
launch/complete_pose_estimation.launch.py: could not find copyright notice
launch/doosan_m0609_soma_cube.launch.py: could not find copyright notice
launch/global_mapping.launch.py: could not find copyright notice
scripts/camera_pose_manager_node.py: could not find copyright notice
scripts/capture_control_interface.py: could not find copyright notice
scripts/doosan_pose_sequence.py: could not find copyright notice
scripts/manhattan_aligner_node.py: could not find copyright notice
scripts/multiview_fusion_node.py: could not find copyright notice
scripts/pca_axis_estimator_node.py: could not find copyright notice
scripts/pointcloud_processor_node.py: could not find copyright notice
scripts/synchronized_capture_node.py: could not find copyright notice
scripts/visualization_node.py: could not find copyright notice
scripts/yolo_detector_node.py: could not find copyright notice
somacube_pose_estimation/__init__.py: could not find copyright notice
somacube_pose_estimation/mathematical_foundations.py: could not find copyright notice
tests/test_mathematical_foundations.py: could not find copyright notice
tests/test_pose_pipeline.py: could not find copyright notice
17 errors, checked 17 files
-- run_test.py: return code 1
-- run_test.py: verify result file '/home/jack/ros2_ws/build/somacube_pose_estimation/test_results/somacube_pose_estimation/copyright.xunit.xml'
</Value>
				</Measurement>
			</Results>
			<Labels>
				<Label>copyright</Label>
				<Label>linter</Label>
			</Labels>
		</Test>
		<Test Status="failed">
			<Name>flake8</Name>
			<Path>.</Path>
			<FullName>./flake8</FullName>
			<FullCommandLine>/usr/bin/python3 "-u" "/opt/ros/humble/share/ament_cmake_test/cmake/run_test.py" "/home/jack/ros2_ws/build/somacube_pose_estimation/test_results/somacube_pose_estimation/flake8.xunit.xml" "--package-name" "somacube_pose_estimation" "--output-file" "/home/jack/ros2_ws/build/somacube_pose_estimation/ament_flake8/flake8.txt" "--command" "/opt/ros/humble/bin/ament_flake8" "--xunit-file" "/home/jack/ros2_ws/build/somacube_pose_estimation/test_results/somacube_pose_estimation/flake8.xunit.xml"</FullCommandLine>
			<Results>
				<NamedMeasurement type="text/string" name="Exit Code">
					<Value>Failed</Value>
				</NamedMeasurement>
				<NamedMeasurement type="text/string" name="Exit Value">
					<Value>1</Value>
				</NamedMeasurement>
				<NamedMeasurement type="numeric/double" name="Execution Time">
					<Value>0.313954</Value>
				</NamedMeasurement>
				<NamedMeasurement type="numeric/double" name="Processors">
					<Value>1</Value>
				</NamedMeasurement>
				<NamedMeasurement type="text/string" name="Completion Status">
					<Value>Completed</Value>
				</NamedMeasurement>
				<NamedMeasurement type="text/string" name="Command Line">
					<Value>/usr/bin/python3 "-u" "/opt/ros/humble/share/ament_cmake_test/cmake/run_test.py" "/home/jack/ros2_ws/build/somacube_pose_estimation/test_results/somacube_pose_estimation/flake8.xunit.xml" "--package-name" "somacube_pose_estimation" "--output-file" "/home/jack/ros2_ws/build/somacube_pose_estimation/ament_flake8/flake8.txt" "--command" "/opt/ros/humble/bin/ament_flake8" "--xunit-file" "/home/jack/ros2_ws/build/somacube_pose_estimation/test_results/somacube_pose_estimation/flake8.xunit.xml"</Value>
				</NamedMeasurement>
				<NamedMeasurement type="text/string" name="Environment">
					<Value>#CTEST_RESOURCE_GROUP_COUNT=</Value>
				</NamedMeasurement>
				<Measurement>
					<Value>-- run_test.py: invoking following command in '/home/jack/ros2_ws/src/somacube_pose_estimation':
 - /opt/ros/humble/bin/ament_flake8 --xunit-file /home/jack/ros2_ws/build/somacube_pose_estimation/test_results/somacube_pose_estimation/flake8.xunit.xml
from launch.actions import DeclareLaunchArgument, ExecuteProcess, TimerAction
^
import os
^
    
^
    
^
    
^
    
^
    
^
    
^
    
^
                'common.topics.rgb': [LaunchConfiguration('camera_topics_prefix'), '/color/image_raw'],
                                                                                                   ^
                'common.topics.camera_info': [LaunchConfiguration('camera_topics_prefix'), '/color/camera_info'],
                                                                                                   ^
    
^
                'common.topics.rgb': [LaunchConfiguration('camera_topics_prefix'), '/color/image_raw'],
                                                                                                   ^
                'common.topics.depth': [LaunchConfiguration('camera_topics_prefix'), '/aligned_depth_to_color/image_raw'],
                                                                                                   ^
                'common.topics.camera_info': [LaunchConfiguration('camera_topics_prefix'), '/color/camera_info'],
                                                                                                   ^
    
^
    
^
    
^
    
^
    
^
    
^
    
^
    
^
        
^
        
^
        
^
        
^
        
^
        
^
    ])      ^
from launch.actions import DeclareLaunchArgument, ExecuteProcess, TimerAction
^
    
^
    
^
    
^
    
^
    
^
    
^
    
^
    params_config = PathJoinSubstitution([config_dir, 'somacube_params.yaml'])
    ^
    
^
            
^
            
^
            
^
            
^
            
^
            
^
    
^
                'camera_pose_manager.calibration_file': '/home/jack/ros2_ws/src/DoosanBootcamp3rd/dsr_rokey/pick_and_place_text/resource/T_gripper2camera.npy',
                                                                                                   ^
    
^
                
^
                'synchronized_capture.sync.frame_composite_count': 3, # 빠른 처리
                                                                     ^
                
^
                
^
                
^
                
^
    
^
    
^
                
^
                
^
                
^
    
^
    
^
    
^
    
^
    
^
    
^
    
^
    
^
    
^
        arguments=['-d', rviz_config] if os.path.exists(rviz_config) else ['-d', PathJoinSubstitution([pkg_somacube, 'rviz', 'global_mapping_debug.rviz'])],
                                                                                                   ^
    
^
        
^
        
^
        
^
        
^
        
^
        
^
        
^
    ])      ^
from launch.actions import DeclareLaunchArgument, ExecuteProcess, TimerAction
^
import os
^
    
^
    
^
    
^
    
^
    
^
    
^
    
^
    params_config = PathJoinSubstitution([config_dir, 'somacube_params.yaml'])
    ^
    
^
            
^
            
^
            
^
            
^

./launch/complete_pose_estimation.launch.py:9:1: F401 'launch.actions.ExecuteProcess' imported but unused

./launch/complete_pose_estimation.launch.py:12:1: F401 'os' imported but unused

./launch/complete_pose_estimation.launch.py:16:1: W293 blank line contains whitespace

./launch/complete_pose_estimation.launch.py:23:1: W293 blank line contains whitespace

./launch/complete_pose_estimation.launch.py:29:1: W293 blank line contains whitespace

./launch/complete_pose_estimation.launch.py:35:1: W293 blank line contains whitespace

./launch/complete_pose_estimation.launch.py:38:1: W293 blank line contains whitespace

./launch/complete_pose_estimation.launch.py:42:1: W293 blank line contains whitespace

./launch/complete_pose_estimation.launch.py:54:1: W293 blank line contains whitespace

./launch/complete_pose_estimation.launch.py:62:100: E501 line too long (103 &gt; 99 characters)

./launch/complete_pose_estimation.launch.py:63:100: E501 line too long (113 &gt; 99 characters)

./launch/complete_pose_estimation.launch.py:69:1: W293 blank line contains whitespace

./launch/complete_pose_estimation.launch.py:77:100: E501 line too long (103 &gt; 99 characters)

./launch/complete_pose_estimation.launch.py:78:100: E501 line too long (122 &gt; 99 characters)

./launch/complete_pose_estimation.launch.py:79:100: E501 line too long (113 &gt; 99 characters)

./launch/complete_pose_estimation.launch.py:85:1: W293 blank line contains whitespace

./launch/complete_pose_estimation.launch.py:96:1: W293 blank line contains whitespace

./launch/complete_pose_estimation.launch.py:107:1: W293 blank line contains whitespace

./launch/complete_pose_estimation.launch.py:118:1: W293 blank line contains whitespace

./launch/complete_pose_estimation.launch.py:133:1: W293 blank line contains whitespace

./launch/complete_pose_estimation.launch.py:138:1: W293 blank line contains whitespace

./launch/complete_pose_estimation.launch.py:148:1: W293 blank line contains whitespace

./launch/complete_pose_estimation.launch.py:157:1: W293 blank line contains whitespace

./launch/complete_pose_estimation.launch.py:163:1: W293 blank line contains whitespace

./launch/complete_pose_estimation.launch.py:166:1: W293 blank line contains whitespace

./launch/complete_pose_estimation.launch.py:169:1: W293 blank line contains whitespace

./launch/complete_pose_estimation.launch.py:178:1: W293 blank line contains whitespace

./launch/complete_pose_estimation.launch.py:187:1: W293 blank line contains whitespace

./launch/complete_pose_estimation.launch.py:195:1: W293 blank line contains whitespace

./launch/complete_pose_estimation.launch.py:204:7: W292 no newline at end of file

./launch/doosan_m0609_soma_cube.launch.py:9:1: F401 'launch.actions.ExecuteProcess' imported but unused

./launch/doosan_m0609_soma_cube.launch.py:16:1: W293 blank line contains whitespace

./launch/doosan_m0609_soma_cube.launch.py:23:1: W293 blank line contains whitespace

./launch/doosan_m0609_soma_cube.launch.py:29:1: W293 blank line contains whitespace

./launch/doosan_m0609_soma_cube.launch.py:35:1: W293 blank line contains whitespace

./launch/doosan_m0609_soma_cube.launch.py:41:1: W293 blank line contains whitespace

./launch/doosan_m0609_soma_cube.launch.py:47:1: W293 blank line contains whitespace

./launch/doosan_m0609_soma_cube.launch.py:50:1: W293 blank line contains whitespace

./launch/doosan_m0609_soma_cube.launch.py:54:5: F841 local variable 'params_config' is assigned to but never used

./launch/doosan_m0609_soma_cube.launch.py:55:1: W293 blank line contains whitespace

./launch/doosan_m0609_soma_cube.launch.py:66:1: W293 blank line contains whitespace

./launch/doosan_m0609_soma_cube.launch.py:74:1: W293 blank line contains whitespace

./launch/doosan_m0609_soma_cube.launch.py:80:1: W293 blank line contains whitespace

./launch/doosan_m0609_soma_cube.launch.py:84:1: W293 blank line contains whitespace

./launch/doosan_m0609_soma_cube.launch.py:90:1: W293 blank line contains whitespace

./launch/doosan_m0609_soma_cube.launch.py:93:1: W293 blank line contains whitespace

./launch/doosan_m0609_soma_cube.launch.py:98:1: W293 blank line contains whitespace

./launch/doosan_m0609_soma_cube.launch.py:110:100: E501 line too long (159 &gt; 99 characters)

./launch/doosan_m0609_soma_cube.launch.py:116:1: W293 blank line contains whitespace

./launch/doosan_m0609_soma_cube.launch.py:125:1: W293 blank line contains whitespace

./launch/doosan_m0609_soma_cube.launch.py:130:70: E261 at least two spaces before inline comment

./launch/doosan_m0609_soma_cube.launch.py:131:1: W293 blank line contains whitespace

./launch/doosan_m0609_soma_cube.launch.py:136:1: W293 blank line contains whitespace

./launch/doosan_m0609_soma_cube.launch.py:141:1: W293 blank line contains whitespace

./launch/doosan_m0609_soma_cube.launch.py:146:1: W293 blank line contains whitespace

./launch/doosan_m0609_soma_cube.launch.py:153:1: W293 blank line contains whitespace

./launch/doosan_m0609_soma_cube.launch.py:171:1: W293 blank line contains whitespace

./launch/doosan_m0609_soma_cube.launch.py:182:1: W293 blank line contains whitespace

./launch/doosan_m0609_soma_cube.launch.py:187:1: W293 blank line contains whitespace

./launch/doosan_m0609_soma_cube.launch.py:192:1: W293 blank line contains whitespace

./launch/doosan_m0609_soma_cube.launch.py:198:1: W293 blank line contains whitespace

./launch/doosan_m0609_soma_cube.launch.py:214:1: W293 blank line contains whitespace

./launch/doosan_m0609_soma_cube.launch.py:228:1: W293 blank line contains whitespace

./launch/doosan_m0609_soma_cube.launch.py:244:1: W293 blank line contains whitespace

./launch/doosan_m0609_soma_cube.launch.py:258:1: W293 blank line contains whitespace

./launch/doosan_m0609_soma_cube.launch.py:273:1: W293 blank line contains whitespace

./launch/doosan_m0609_soma_cube.launch.py:282:1: W293 blank line contains whitespace

./launch/doosan_m0609_soma_cube.launch.py:290:1: W293 blank line contains whitespace

./launch/doosan_m0609_soma_cube.launch.py:295:1: W293 blank line contains whitespace

./launch/doosan_m0609_soma_cube.launch.py:300:100: E501 line too long (156 &gt; 99 characters)

./launch/doosan_m0609_soma_cube.launch.py:304:1: W293 blank line contains whitespace

./launch/doosan_m0609_soma_cube.launch.py:312:1: W293 blank line contains whitespace

./launch/doosan_m0609_soma_cube.launch.py:316:1: W293 blank line contains whitespace

./launch/doosan_m0609_soma_cube.launch.py:322:1: W293 blank line contains whitespace

./launch/doosan_m0609_soma_cube.launch.py:327:1: W293 blank line contains whitespace

./launch/doosan_m0609_soma_cube.launch.py:332:1: W293 blank line contains whitespace

./launch/doosan_m0609_soma_cube.launch.py:342:1: W293 blank line contains whitespace

./launch/doosan_m0609_soma_cube.launch.py:350:1: W293 blank line contains whitespace

./launch/doosan_m0609_soma_cube.launch.py:360:7: W292 no newline at end of file

./launch/global_mapping.launch.py:9:1: F401 'launch.actions.ExecuteProcess' imported but unused

./launch/global_mapping.launch.py:12:1: F401 'os' imported but unused

./launch/global_mapping.launch.py:16:1: W293 blank line contains whitespace

./launch/global_mapping.launch.py:23:1: W293 blank line contains whitespace

./launch/global_mapping.launch.py:29:1: W293 blank line contains whitespace

./launch/global_mapping.launch.py:35:1: W293 blank line contains whitespace

./launch/global_mapping.launch.py:41:1: W293 blank line contains whitespace

./launch/global_mapping.launch.py:47:1: W293 blank line contains whitespace

./launch/global_mapping.launch.py:50:1: W293 blank line contains whitespace

./launch/global_mapping.launch.py:54:5: F841 local variable 'params_config' is assigned to but never used

./launch/global_mapping.launch.py:55:1: W293 blank line contains whitespace

./launch/global_mapping.launch.py:66:1: W293 blank line contains whitespace

./launch/global_mapping.launch.py:76:1: W293 blank line contains whitespace

./launch/global_mapping.launch.py:82:1: W293 blank line contains whitespace

./launch/global_mapping.launch.py:87:1: W293 blank line contains whitespace

            
^
    
^
    
^
                
^
                
^
                
^
                
^
                'common.topics.rgb': [LaunchConfiguration('camera_topics_prefix'), '/color/image_raw'],
                                                                                                   ^
                'common.topics.depth': [LaunchConfiguration('camera_topics_prefix'), '/aligned_depth_to_color/image_raw'],
                                                                                                   ^
                'common.topics.camera_info': [LaunchConfiguration('camera_topics_prefix'), '/color/camera_info'],
                                                                                                   ^
                
^
    
^
                'common.topics.camera_info': [LaunchConfiguration('camera_topics_prefix'), '/color/camera_info'],
                                                                                                   ^
    
^
                'common.topics.camera_info': [LaunchConfiguration('camera_topics_prefix'), '/color/camera_info'],
                                                                                                   ^
                
^
                
^
    
^
    
^
    
^
    
^
    
^
    
^
        
^
        
^
        
^
        
^
        
^
        
^
        
^
    ])      ^
from geometry_msgs.msg import PoseStamped, TransformStamped, Pose
^
from pathlib import Path
^
from typing import Dict, List, Tuple, Optional
^
    
^
        
^
        
^
        
^
        
^
        
^
        
^
        
^
        
^
        
^
        
^
        
^
        
^
        
^
        
^
            
^
        self.get_logger().info(f'Camera Pose Manager initialized with {len(self.camera_poses)} poses')
                                                                                                   ^
            
^
            
^
        
^
        
^
            
^
        
^
            
^
        
^
        
^
            
^
        
^
        
^
            
^
        
^
        
^
        
^
        
^
        
^
        
^
        
^
        
^
            
^
        
^
    def transform_pose_to_global(self, local_pose: np.ndarray, 
                                                              ^
                                camera_pose_index: Optional[int] = None) -&gt; np.ndarray:
                                ^
            
^
            
^
        
^
        
^
        
^
        
^
            
^
            
^
            
^
            
^
        
^
        
^
            calibration_path = "/home/jack/ros2_ws/src/DoosanBootcamp3rd/dsr_rokey/pick_and_place_text/resource/T_gripper2camera.npy"
                                                                                                   ^
            
^
                self.get_logger().info(f"Loaded gripper-to-camera calibration from: {calibration_path}")
                                                                                                   ^
                
^
                
^
                
^
                
^
    def transform_pose_with_calibration(self, pose_in_camera: np.ndarray, 
                                                                         ^
                                      gripper_pose: np.ndarray) -&gt; np.ndarray:
                                      ^
        
^
            
^
        T_base_gripper = gripper_pose if gripper_pose.shape == (4, 4) else self.pose_to_matrix(gripper_pose)
                                                                                                   ^
./launch/global_mapping.launch.py:93:1: W293 blank line contains whitespace

./launch/global_mapping.launch.py:99:1: W293 blank line contains whitespace

./launch/global_mapping.launch.py:115:1: W293 blank line contains whitespace

./launch/global_mapping.launch.py:124:1: W293 blank line contains whitespace

./launch/global_mapping.launch.py:130:1: W293 blank line contains whitespace

./launch/global_mapping.launch.py:135:1: W293 blank line contains whitespace

./launch/global_mapping.launch.py:140:1: W293 blank line contains whitespace

./launch/global_mapping.launch.py:142:100: E501 line too long (103 &gt; 99 characters)

./launch/global_mapping.launch.py:143:100: E501 line too long (122 &gt; 99 characters)

./launch/global_mapping.launch.py:144:100: E501 line too long (113 &gt; 99 characters)

./launch/global_mapping.launch.py:145:1: W293 blank line contains whitespace

./launch/global_mapping.launch.py:152:1: W293 blank line contains whitespace

./launch/global_mapping.launch.py:161:100: E501 line too long (113 &gt; 99 characters)

./launch/global_mapping.launch.py:168:1: W293 blank line contains whitespace

./launch/global_mapping.launch.py:178:100: E501 line too long (113 &gt; 99 characters)

./launch/global_mapping.launch.py:179:1: W293 blank line contains whitespace

./launch/global_mapping.launch.py:184:1: W293 blank line contains whitespace

./launch/global_mapping.launch.py:190:1: W293 blank line contains whitespace

./launch/global_mapping.launch.py:201:1: W293 blank line contains whitespace

./launch/global_mapping.launch.py:210:1: W293 blank line contains whitespace

./launch/global_mapping.launch.py:215:1: W293 blank line contains whitespace

./launch/global_mapping.launch.py:224:1: W293 blank line contains whitespace

./launch/global_mapping.launch.py:233:1: W293 blank line contains whitespace

./launch/global_mapping.launch.py:241:1: W293 blank line contains whitespace

./launch/global_mapping.launch.py:244:1: W293 blank line contains whitespace

./launch/global_mapping.launch.py:250:1: W293 blank line contains whitespace

./launch/global_mapping.launch.py:255:1: W293 blank line contains whitespace

./launch/global_mapping.launch.py:260:1: W293 blank line contains whitespace

./launch/global_mapping.launch.py:269:1: W293 blank line contains whitespace

./launch/global_mapping.launch.py:278:1: W293 blank line contains whitespace

./launch/global_mapping.launch.py:284:7: W292 no newline at end of file

./scripts/camera_pose_manager_node.py:9:1: F401 'geometry_msgs.msg.Pose' imported but unused

./scripts/camera_pose_manager_node.py:17:1: F401 'pathlib.Path' imported but unused

./scripts/camera_pose_manager_node.py:18:1: F401 'typing.Tuple' imported but unused

./scripts/camera_pose_manager_node.py:23:1: W293 blank line contains whitespace

./scripts/camera_pose_manager_node.py:26:1: W293 blank line contains whitespace

./scripts/camera_pose_manager_node.py:29:1: W293 blank line contains whitespace

./scripts/camera_pose_manager_node.py:34:1: W293 blank line contains whitespace

./scripts/camera_pose_manager_node.py:37:1: W293 blank line contains whitespace

./scripts/camera_pose_manager_node.py:42:1: W293 blank line contains whitespace

./scripts/camera_pose_manager_node.py:49:1: W293 blank line contains whitespace

./scripts/camera_pose_manager_node.py:55:1: W293 blank line contains whitespace

./scripts/camera_pose_manager_node.py:61:1: W293 blank line contains whitespace

./scripts/camera_pose_manager_node.py:69:1: W293 blank line contains whitespace

./scripts/camera_pose_manager_node.py:76:1: W293 blank line contains whitespace

./scripts/camera_pose_manager_node.py:84:1: W293 blank line contains whitespace

./scripts/camera_pose_manager_node.py:91:1: W293 blank line contains whitespace

./scripts/camera_pose_manager_node.py:95:1: W293 blank line contains whitespace

./scripts/camera_pose_manager_node.py:98:1: W293 blank line contains whitespace

./scripts/camera_pose_manager_node.py:102:1: W293 blank line contains whitespace

./scripts/camera_pose_manager_node.py:103:100: E501 line too long (102 &gt; 99 characters)

./scripts/camera_pose_manager_node.py:112:1: W293 blank line contains whitespace

./scripts/camera_pose_manager_node.py:116:1: W293 blank line contains whitespace

./scripts/camera_pose_manager_node.py:146:1: W293 blank line contains whitespace

./scripts/camera_pose_manager_node.py:153:1: W293 blank line contains whitespace

./scripts/camera_pose_manager_node.py:163:1: W293 blank line contains whitespace

./scripts/camera_pose_manager_node.py:167:1: W293 blank line contains whitespace

./scripts/camera_pose_manager_node.py:177:1: W293 blank line contains whitespace

./scripts/camera_pose_manager_node.py:184:1: W293 blank line contains whitespace

./scripts/camera_pose_manager_node.py:193:1: W293 blank line contains whitespace

./scripts/camera_pose_manager_node.py:206:1: W293 blank line contains whitespace

./scripts/camera_pose_manager_node.py:238:1: W293 blank line contains whitespace

./scripts/camera_pose_manager_node.py:243:1: W293 blank line contains whitespace

./scripts/camera_pose_manager_node.py:262:1: W293 blank line contains whitespace

./scripts/camera_pose_manager_node.py:267:1: W293 blank line contains whitespace

./scripts/camera_pose_manager_node.py:273:1: W293 blank line contains whitespace

./scripts/camera_pose_manager_node.py:280:1: W293 blank line contains whitespace

./scripts/camera_pose_manager_node.py:282:1: W293 blank line contains whitespace

./scripts/camera_pose_manager_node.py:292:1: W293 blank line contains whitespace

./scripts/camera_pose_manager_node.py:297:1: W293 blank line contains whitespace

./scripts/camera_pose_manager_node.py:299:1: W293 blank line contains whitespace

./scripts/camera_pose_manager_node.py:309:1: W293 blank line contains whitespace

./scripts/camera_pose_manager_node.py:320:1: W293 blank line contains whitespace

./scripts/camera_pose_manager_node.py:334:1: W293 blank line contains whitespace

./scripts/camera_pose_manager_node.py:339:63: W291 trailing whitespace

./scripts/camera_pose_manager_node.py:340:33: E128 continuation line under-indented for visual indent

./scripts/camera_pose_manager_node.py:344:1: W293 blank line contains whitespace

./scripts/camera_pose_manager_node.py:347:1: W293 blank line contains whitespace

./scripts/camera_pose_manager_node.py:349:1: W293 blank line contains whitespace

./scripts/camera_pose_manager_node.py:353:1: W293 blank line contains whitespace

./scripts/camera_pose_manager_node.py:356:1: W293 blank line contains whitespace

./scripts/camera_pose_manager_node.py:361:1: W293 blank line contains whitespace

./scripts/camera_pose_manager_node.py:371:1: W293 blank line contains whitespace

./scripts/camera_pose_manager_node.py:378:1: W293 blank line contains whitespace

./scripts/camera_pose_manager_node.py:381:1: W293 blank line contains whitespace

./scripts/camera_pose_manager_node.py:387:1: W293 blank line contains whitespace

./scripts/camera_pose_manager_node.py:395:1: W293 blank line contains whitespace

./scripts/camera_pose_manager_node.py:406:1: W293 blank line contains whitespace

./scripts/camera_pose_manager_node.py:433:100: E501 line too long (133 &gt; 99 characters)

./scripts/camera_pose_manager_node.py:434:1: W293 blank line contains whitespace

./scripts/camera_pose_manager_node.py:437:100: E501 line too long (104 &gt; 99 characters)

./scripts/camera_pose_manager_node.py:439:1: W293 blank line contains whitespace

./scripts/camera_pose_manager_node.py:445:1: W293 blank line contains whitespace

./scripts/camera_pose_manager_node.py:451:1: W293 blank line contains whitespace

./scripts/camera_pose_manager_node.py:470:1: W293 blank line contains whitespace

./scripts/camera_pose_manager_node.py:475:74: W291 trailing whitespace

./scripts/camera_pose_manager_node.py:476:39: E128 continuation line under-indented for visual indent

./scripts/camera_pose_manager_node.py:480:1: W293 blank line contains whitespace

./scripts/camera_pose_manager_node.py:488:1: W293 blank line contains whitespace

./scripts/camera_pose_manager_node.py:490:100: E501 line too long (108 &gt; 99 characters)

        
^
            
^
    
^
    main()          ^
from datetime import datetime
^
    
^
        
^
        
^
        
^
        
^
        
^
        
^
        
^
        
^
        
^
        
^
        
^
        
^
        
^
            
^
        
^
                
^
                    
^
        
^
            
^
                print(f"  Sync quality: {sync_stats.get('mean_ms', 0):.2f}±{sync_stats.get('std_ms', 0):.2f}ms")
                                                                                                   ^
            
^
            
^
            
^
        
^
        
^
            
^
                status_line = f"Captures: {captures} | Pose: {pose_idx} | Points: {global_pts:,}"
                ^
            
^
            
^
            
^
            
^
            
^
        
^
            
^
            
^
            
^
                    
^
                
^
                
^
                
^
            
^
        
^
                
^
                        total_size = sum(f.stat().st_size for f in session_path.rglob('*') if f.is_file())
                                                                                                   ^
                        
^
                        
^
    
^
        
^
            
^
    main()          ^
class DoosanPoseSequence:
^
    
^
        
^
            (424.870, 3.830, 12.420, 20.3, -179.57, 15.5),     # 2번  
                                                                   ^
        
^
    
^
    
^
        
^
        
^
        
^
        
^
        
^
            
^
            
^
        
^
    
^
        
^
        header = f"{'ID':&lt;8} {'X[mm]':&lt;8} {'Y[mm]':&lt;8} {'Z[mm]':&lt;8} {'A[°]':&lt;8} {'B[°]':&lt;8} {'C[°]':&lt;8} {'설명':&lt;25}"
                                                                                                   ^
        
^
            
^
            row = f"{i:&lt;8} {pos[0]:&lt;8.1f} {pos[1]:&lt;8.1f} {pos[2]:&lt;8.1f} {ori[0]:&lt;8.1f} {ori[1]:&lt;8.1f} {ori[2]:&lt;8.1f} {desc:&lt;25}"
                                                                                                   ^
            
^
        
^
    
^
    
^
        script = """# DoosanRobotics M0609 소마큐브 포즈 시퀀스
# 각 포즈에서 ROS2 캡처 신호 대기

def main():
    # 초기화
    set_velj(30)  # joint velocity 30%
    set_accj(20)  # joint acceleration 20%
    
    # 안전 위치로 이동
    movej([0, 0, 90, 0, 90, 0], vel=30, acc=20)
    wait(1.0)
    
"""
^
        script = """# DoosanRobotics M0609 소마큐브 포즈 시퀀스
# 각 포즈에서 ROS2 캡처 신호 대기

def main():
    # 초기화
    set_velj(30)  # joint velocity 30%
    set_accj(20)  # joint acceleration 20%
    
    # 안전 위치로 이동
    movej([0, 0, 90, 0, 90, 0], vel=30, acc=20)
    wait(1.0)
    
"""
^
        
^
            
^
            script += f"""
    # Pose {i}: {desc}
    print("Moving to Pose {i}: {desc}")
    movel([{pos[0]}, {pos[1]}, {pos[2]}, {ori[0]}, {ori[1]}, {ori[2]}], vel=20, acc=10)
    wait(2.0)  # 안정화 대기
    
    # ROS2 캡처 신호 대기 (수동으로 capture 명령 실행)
    print("Ready for capture at Pose {i}. Execute: [SomaCapture] &gt;&gt;&gt; pose {i}")
    print("Then execute: [SomaCapture] &gt;&gt;&gt; capture")
    tp_popup("Press OK after capture is completed", DR_PM_MESSAGE, DR_PM_OK)
    
"""
^
            script += f"""
    # Pose {i}: {desc}
    print("Moving to Pose {i}: {desc}")
    movel([{pos[0]}, {pos[1]}, {pos[2]}, {ori[0]}, {ori[1]}, {ori[2]}], vel=20, acc=10)
    wait(2.0)  # 안정화 대기
    
    # ROS2 캡처 신호 대기 (수동으로 capture 명령 실행)
    print("Ready for capture at Pose {i}. Execute: [SomaCapture] &gt;&gt;&gt; pose {i}")
    print("Then execute: [SomaCapture] &gt;&gt;&gt; capture")
    tp_popup("Press OK after capture is completed", DR_PM_MESSAGE, DR_PM_OK)
    
"""
^
        
^
        script += """
    # 완료 후 안전 위치로 복귀
    print("All poses completed. Returning to safe position.")
    movej([0, 0, 90, 0, 90, 0], vel=30, acc=20)
    
end
"""
^
    
^
        
^
        
^
        script += """]

def move_to_pose(pose_data):
    print(f"Moving to Pose {pose_data['id']}: {pose_data['desc']}")
    print(f"Position: {pose_data['pos']} mm")
    print(f"Orientation: {pose_data['ori']} degrees")
    
    # 실제 로봇 제어 코드는 여기에 추가
    # robot.movel(pose_data['pos'] + pose_data['ori'])
    
    time.sleep(2.0)  # 안정화 대기
    input(f"Press Enter after capturing at Pose {pose_data['id']}...")

def main():
    print("DoosanRobotics M0609 소마큐브 포즈 시퀀스")
    print("ROS2 시스템이 실행 중인지 확인하세요:")
    print("ros2 launch somacube_pose_estimation doosan_m0609_soma_cube.launch.py")
    print()
    
    for pose in poses:
        move_to_pose(pose)
    
    print("모든 포즈 완료!")

if __name__ == '__main__':
    main()
"""
^
        script += """]

def move_to_pose(pose_data):
    print(f"Moving to Pose {pose_data['id']}: {pose_data['desc']}")
    print(f"Position: {pose_data['pos']} mm")
    print(f"Orientation: {pose_data['ori']} degrees")
    
    # 실제 로봇 제어 코드는 여기에 추가
    # robot.movel(pose_data['pos'] + pose_data['ori'])
    
    time.sleep(2.0)  # 안정화 대기
    input(f"Press Enter after capturing at Pose {pose_data['id']}...")

def main():
    print("DoosanRobotics M0609 소마큐브 포즈 시퀀스")
    print("ROS2 시스템이 실행 중인지 확인하세요:")
    print("ros2 launch somacube_pose_estimation doosan_m0609_soma_cube.launch.py")
    print()
    
    for pose in poses:
        move_to_pose(pose)
    
    print("모든 포즈 완료!")

if __name__ == '__main__':
    main()
"""
^
        script += """]

def move_to_pose(pose_data):
    print(f"Moving to Pose {pose_data['id']}: {pose_data['desc']}")
    print(f"Position: {pose_data['pos']} mm")
    print(f"Orientation: {pose_data['ori']} degrees")
    
    # 실제 로봇 제어 코드는 여기에 추가
    # robot.movel(pose_data['pos'] + pose_data['ori'])
    
    time.sleep(2.0)  # 안정화 대기
    input(f"Press Enter after capturing at Pose {pose_data['id']}...")

def main():
    print("DoosanRobotics M0609 소마큐브 포즈 시퀀스")
    print("ROS2 시스템이 실행 중인지 확인하세요:")
    print("ros2 launch somacube_pose_estimation doosan_m0609_soma_cube.launch.py")
    print()
    
    for pose in poses:
        move_to_pose(pose)
    
    print("모든 포즈 완료!")

if __name__ == '__main__':
    main()
"""
^
        script += """]

def move_to_pose(pose_data):
    print(f"Moving to Pose {pose_data['id']}: {pose_data['desc']}")
    print(f"Position: {pose_data['pos']} mm")
    print(f"Orientation: {pose_data['ori']} degrees")
    
    # 실제 로봇 제어 코드는 여기에 추가
    # robot.movel(pose_data['pos'] + pose_data['ori'])
    
    time.sleep(2.0)  # 안정화 대기
    input(f"Press Enter after capturing at Pose {pose_data['id']}...")

def main():
    print("DoosanRobotics M0609 소마큐브 포즈 시퀀스")
    print("ROS2 시스템이 실행 중인지 확인하세요:")
    print("ros2 launch somacube_pose_estimation doosan_m0609_soma_cube.launch.py")
    print()
    
    for pose in poses:
        move_to_pose(pose)
    
    print("모든 포즈 완료!")

if __name__ == '__main__':
    main()
"""
^
    
^
    
^
    
^
    main()          ^
./scripts/camera_pose_manager_node.py:491:1: W293 blank line contains whitespace

./scripts/camera_pose_manager_node.py:498:1: W293 blank line contains whitespace

./scripts/camera_pose_manager_node.py:518:1: W293 blank line contains whitespace

./scripts/camera_pose_manager_node.py:531:11: W292 no newline at end of file

./scripts/capture_control_interface.py:16:1: F401 'datetime.datetime' imported but unused

./scripts/capture_control_interface.py:22:1: W293 blank line contains whitespace

./scripts/capture_control_interface.py:25:1: W293 blank line contains whitespace

./scripts/capture_control_interface.py:28:1: W293 blank line contains whitespace

./scripts/capture_control_interface.py:35:1: W293 blank line contains whitespace

./scripts/capture_control_interface.py:41:1: W293 blank line contains whitespace

./scripts/capture_control_interface.py:47:1: W293 blank line contains whitespace

./scripts/capture_control_interface.py:53:1: W293 blank line contains whitespace

./scripts/capture_control_interface.py:61:1: W293 blank line contains whitespace

./scripts/capture_control_interface.py:68:1: W293 blank line contains whitespace

./scripts/capture_control_interface.py:74:1: W293 blank line contains whitespace

./scripts/capture_control_interface.py:78:1: W293 blank line contains whitespace

./scripts/capture_control_interface.py:81:1: W293 blank line contains whitespace

./scripts/capture_control_interface.py:94:1: W293 blank line contains whitespace

./scripts/capture_control_interface.py:115:1: W293 blank line contains whitespace

./scripts/capture_control_interface.py:120:1: W293 blank line contains whitespace

./scripts/capture_control_interface.py:131:1: W293 blank line contains whitespace

./scripts/capture_control_interface.py:135:1: W293 blank line contains whitespace

./scripts/capture_control_interface.py:165:1: W293 blank line contains whitespace

./scripts/capture_control_interface.py:216:1: W293 blank line contains whitespace

./scripts/capture_control_interface.py:224:1: W293 blank line contains whitespace

./scripts/capture_control_interface.py:228:100: E501 line too long (112 &gt; 99 characters)

./scripts/capture_control_interface.py:230:1: W293 blank line contains whitespace

./scripts/capture_control_interface.py:234:1: W293 blank line contains whitespace

./scripts/capture_control_interface.py:241:1: W293 blank line contains whitespace

./scripts/capture_control_interface.py:246:1: W293 blank line contains whitespace

./scripts/capture_control_interface.py:249:1: W293 blank line contains whitespace

./scripts/capture_control_interface.py:259:1: W293 blank line contains whitespace

./scripts/capture_control_interface.py:262:17: F841 local variable 'status_line' is assigned to but never used

./scripts/capture_control_interface.py:272:1: W293 blank line contains whitespace

./scripts/capture_control_interface.py:275:1: W293 blank line contains whitespace

./scripts/capture_control_interface.py:286:1: W293 blank line contains whitespace

./scripts/capture_control_interface.py:297:1: W293 blank line contains whitespace

./scripts/capture_control_interface.py:306:1: W293 blank line contains whitespace

./scripts/capture_control_interface.py:309:1: W293 blank line contains whitespace

./scripts/capture_control_interface.py:319:1: W293 blank line contains whitespace

./scripts/capture_control_interface.py:328:1: W293 blank line contains whitespace

./scripts/capture_control_interface.py:330:1: W293 blank line contains whitespace

./scripts/capture_control_interface.py:335:1: W293 blank line contains whitespace

./scripts/capture_control_interface.py:337:1: W293 blank line contains whitespace

./scripts/capture_control_interface.py:341:1: W293 blank line contains whitespace

./scripts/capture_control_interface.py:346:1: W293 blank line contains whitespace

./scripts/capture_control_interface.py:349:1: W293 blank line contains whitespace

./scripts/capture_control_interface.py:357:1: W293 blank line contains whitespace

./scripts/capture_control_interface.py:364:1: W293 blank line contains whitespace

./scripts/capture_control_interface.py:368:100: E501 line too long (106 &gt; 99 characters)

./scripts/capture_control_interface.py:371:1: W293 blank line contains whitespace

./scripts/capture_control_interface.py:376:1: W293 blank line contains whitespace

./scripts/capture_control_interface.py:390:1: W293 blank line contains whitespace

./scripts/capture_control_interface.py:395:1: W293 blank line contains whitespace

./scripts/capture_control_interface.py:399:1: W293 blank line contains whitespace

./scripts/capture_control_interface.py:409:11: W292 no newline at end of file

./scripts/doosan_pose_sequence.py:10:1: E302 expected 2 blank lines, found 1

./scripts/doosan_pose_sequence.py:12:1: W293 blank line contains whitespace

./scripts/doosan_pose_sequence.py:22:1: W293 blank line contains whitespace

./scripts/doosan_pose_sequence.py:26:68: W291 trailing whitespace

./scripts/doosan_pose_sequence.py:30:1: W293 blank line contains whitespace

./scripts/doosan_pose_sequence.py:90:1: W293 blank line contains whitespace

./scripts/doosan_pose_sequence.py:94:1: W293 blank line contains whitespace

./scripts/doosan_pose_sequence.py:98:1: W293 blank line contains whitespace

./scripts/doosan_pose_sequence.py:104:1: W293 blank line contains whitespace

./scripts/doosan_pose_sequence.py:111:1: W293 blank line contains whitespace

./scripts/doosan_pose_sequence.py:115:1: W293 blank line contains whitespace

./scripts/doosan_pose_sequence.py:118:1: W293 blank line contains whitespace

./scripts/doosan_pose_sequence.py:123:1: W293 blank line contains whitespace

./scripts/doosan_pose_sequence.py:127:1: W293 blank line contains whitespace

./scripts/doosan_pose_sequence.py:130:1: W293 blank line contains whitespace

./scripts/doosan_pose_sequence.py:132:1: W293 blank line contains whitespace

./scripts/doosan_pose_sequence.py:138:1: W293 blank line contains whitespace

./scripts/doosan_pose_sequence.py:139:100: E501 line too long (115 &gt; 99 characters)

./scripts/doosan_pose_sequence.py:142:1: W293 blank line contains whitespace

./scripts/doosan_pose_sequence.py:147:1: W293 blank line contains whitespace

./scripts/doosan_pose_sequence.py:148:100: E501 line too long (128 &gt; 99 characters)

./scripts/doosan_pose_sequence.py:150:1: W293 blank line contains whitespace

./scripts/doosan_pose_sequence.py:157:1: W293 blank line contains whitespace

./scripts/doosan_pose_sequence.py:159:1: W293 blank line contains whitespace

./scripts/doosan_pose_sequence.py:168:1: W293 blank line contains whitespace

./scripts/doosan_pose_sequence.py:178:1: W293 blank line contains whitespace

./scripts/doosan_pose_sequence.py:182:1: W293 blank line contains whitespace

./scripts/doosan_pose_sequence.py:184:1: W293 blank line contains whitespace

./scripts/doosan_pose_sequence.py:189:1: W293 blank line contains whitespace

./scripts/doosan_pose_sequence.py:195:1: W293 blank line contains whitespace

./scripts/doosan_pose_sequence.py:200:1: W293 blank line contains whitespace

./scripts/doosan_pose_sequence.py:202:1: W293 blank line contains whitespace

./scripts/doosan_pose_sequence.py:207:1: W293 blank line contains whitespace

./scripts/doosan_pose_sequence.py:211:1: W293 blank line contains whitespace

./scripts/doosan_pose_sequence.py:225:1: W293 blank line contains whitespace

./scripts/doosan_pose_sequence.py:231:1: W293 blank line contains whitespace

./scripts/doosan_pose_sequence.py:238:1: W293 blank line contains whitespace

./scripts/doosan_pose_sequence.py:241:1: W293 blank line contains whitespace

./scripts/doosan_pose_sequence.py:250:1: W293 blank line contains whitespace

./scripts/doosan_pose_sequence.py:253:1: W293 blank line contains whitespace

./scripts/doosan_pose_sequence.py:265:1: W293 blank line contains whitespace

./scripts/doosan_pose_sequence.py:268:1: W293 blank line contains whitespace

./scripts/doosan_pose_sequence.py:278:1: W293 blank line contains whitespace

./scripts/doosan_pose_sequence.py:285:11: W292 no newline at end of file

from geometry_msgs.msg import PoseStamped, PoseArray
^
from typing import Dict, List, Tuple, Optional
^
from somacube_pose_estimation.mathematical_foundations import MathematicalFoundations
^
    
^
        
^
        
^
        
^
        
^
        
^
        
^
        
^
        
^
        
^
        
^
        
^
        
^
        
^
        
^
            
^
            
^
            
^
            
^
            
^
            
^
            
^
            
^
        
^
            self.get_logger().debug(f'Received {len(self.latest_surface_normals)} surface normal data')
                                                                                                   ^
            
^
            
^
                
^
                    
^
                
^
                
^
                    
^
                    
^
                        
^
                    
^
                
^
                
^
                
^
                
^
    def perform_manhattan_alignment(self, axis_estimate: Dict, 
                                                              ^
                                  surface_normals: Optional[Dict],
                                  ^
                                  cluster_points: np.ndarray) -&gt; Optional[Dict]:
                                  ^
            
^
            
^
                
^
            if (self.get_parameter('manhattan_aligner.fusion.enable_normals').value and 
                                                                                       ^
                surface_normals is not None):
                ^
                
^
            
^
                
^
                best_rotation = self.math_foundation.orthogonalize_rotation(best_alignment['rotation'])
                                                                                                   ^
                
^
            dimensions = self.math_foundation.compute_object_dimensions(cluster_points, aligned_axes)
                                                                                                   ^
            
^
            geometric_center = self.math_foundation.compute_geometric_center(cluster_points, aligned_axes)
                                                                                                   ^
            
^
            contact_validation = self.validate_table_contact(cluster_points, best_rotation, geometric_center)
                                                                                                   ^
            
^
            
^
            
^
            
^
                
^
        
^
        
^
        
^
        
^
                
^
                    
^
                        
^
                    score = np.trace(rotation_candidate @ signed_axes @ signed_axes.T @ rotation_candidate.T)
                                                                                                   ^
                    
^
                        
^
                    
^
            
^
            
^
                
^
                
^
                    
^
            
^
            
^
            
^
                
^
            
^
            
^
                
^
            normals_array = np.array(normals_list)
            ^
            
^
                
^
            
^
            
^
                
^
            
^
            
^
            
^
            
^
            
^
            
^
./scripts/manhattan_aligner_node.py:10:1: F401 'geometry_msgs.msg.PoseStamped' imported but unused

./scripts/manhattan_aligner_node.py:15:1: F401 'typing.Tuple' imported but unused

./scripts/manhattan_aligner_node.py:21:1: E402 module level import not at top of file

./scripts/manhattan_aligner_node.py:26:1: W293 blank line contains whitespace

./scripts/manhattan_aligner_node.py:29:1: W293 blank line contains whitespace

./scripts/manhattan_aligner_node.py:32:1: W293 blank line contains whitespace

./scripts/manhattan_aligner_node.py:35:1: W293 blank line contains whitespace

./scripts/manhattan_aligner_node.py:43:1: W293 blank line contains whitespace

./scripts/manhattan_aligner_node.py:50:1: W293 blank line contains whitespace

./scripts/manhattan_aligner_node.py:57:1: W293 blank line contains whitespace

./scripts/manhattan_aligner_node.py:64:1: W293 blank line contains whitespace

./scripts/manhattan_aligner_node.py:70:1: W293 blank line contains whitespace

./scripts/manhattan_aligner_node.py:76:1: W293 blank line contains whitespace

./scripts/manhattan_aligner_node.py:82:1: W293 blank line contains whitespace

./scripts/manhattan_aligner_node.py:87:1: W293 blank line contains whitespace

./scripts/manhattan_aligner_node.py:90:1: W293 blank line contains whitespace

./scripts/manhattan_aligner_node.py:95:1: W293 blank line contains whitespace

./scripts/manhattan_aligner_node.py:99:1: W293 blank line contains whitespace

./scripts/manhattan_aligner_node.py:107:1: W293 blank line contains whitespace

./scripts/manhattan_aligner_node.py:109:1: W293 blank line contains whitespace

./scripts/manhattan_aligner_node.py:114:1: W293 blank line contains whitespace

./scripts/manhattan_aligner_node.py:119:1: W293 blank line contains whitespace

./scripts/manhattan_aligner_node.py:124:1: W293 blank line contains whitespace

./scripts/manhattan_aligner_node.py:129:1: W293 blank line contains whitespace

./scripts/manhattan_aligner_node.py:135:1: W293 blank line contains whitespace

./scripts/manhattan_aligner_node.py:140:1: W293 blank line contains whitespace

./scripts/manhattan_aligner_node.py:146:1: W293 blank line contains whitespace

./scripts/manhattan_aligner_node.py:164:100: E501 line too long (103 &gt; 99 characters)

./scripts/manhattan_aligner_node.py:180:1: W293 blank line contains whitespace

./scripts/manhattan_aligner_node.py:185:1: W293 blank line contains whitespace

./scripts/manhattan_aligner_node.py:188:1: W293 blank line contains whitespace

./scripts/manhattan_aligner_node.py:193:1: W293 blank line contains whitespace

./scripts/manhattan_aligner_node.py:196:1: W293 blank line contains whitespace

./scripts/manhattan_aligner_node.py:201:1: W293 blank line contains whitespace

./scripts/manhattan_aligner_node.py:204:1: W293 blank line contains whitespace

./scripts/manhattan_aligner_node.py:208:1: W293 blank line contains whitespace

./scripts/manhattan_aligner_node.py:213:1: W293 blank line contains whitespace

./scripts/manhattan_aligner_node.py:217:1: W293 blank line contains whitespace

./scripts/manhattan_aligner_node.py:219:1: W293 blank line contains whitespace

./scripts/manhattan_aligner_node.py:224:1: W293 blank line contains whitespace

./scripts/manhattan_aligner_node.py:227:1: W293 blank line contains whitespace

./scripts/manhattan_aligner_node.py:230:1: W293 blank line contains whitespace

./scripts/manhattan_aligner_node.py:250:63: W291 trailing whitespace

./scripts/manhattan_aligner_node.py:251:35: E128 continuation line under-indented for visual indent

./scripts/manhattan_aligner_node.py:252:35: E128 continuation line under-indented for visual indent

./scripts/manhattan_aligner_node.py:256:1: W293 blank line contains whitespace

./scripts/manhattan_aligner_node.py:259:1: W293 blank line contains whitespace

./scripts/manhattan_aligner_node.py:265:1: W293 blank line contains whitespace

./scripts/manhattan_aligner_node.py:267:88: W291 trailing whitespace

./scripts/manhattan_aligner_node.py:268:17: E129 visually indented line with same indent as next logical line

./scripts/manhattan_aligner_node.py:272:1: W293 blank line contains whitespace

./scripts/manhattan_aligner_node.py:275:1: W293 blank line contains whitespace

./scripts/manhattan_aligner_node.py:278:1: W293 blank line contains whitespace

./scripts/manhattan_aligner_node.py:281:100: E501 line too long (103 &gt; 99 characters)

./scripts/manhattan_aligner_node.py:284:1: W293 blank line contains whitespace

./scripts/manhattan_aligner_node.py:287:100: E501 line too long (101 &gt; 99 characters)

./scripts/manhattan_aligner_node.py:288:1: W293 blank line contains whitespace

./scripts/manhattan_aligner_node.py:290:100: E501 line too long (106 &gt; 99 characters)

./scripts/manhattan_aligner_node.py:291:1: W293 blank line contains whitespace

./scripts/manhattan_aligner_node.py:293:100: E501 line too long (109 &gt; 99 characters)

./scripts/manhattan_aligner_node.py:294:1: W293 blank line contains whitespace

./scripts/manhattan_aligner_node.py:309:1: W293 blank line contains whitespace

./scripts/manhattan_aligner_node.py:311:1: W293 blank line contains whitespace

./scripts/manhattan_aligner_node.py:320:1: W293 blank line contains whitespace

./scripts/manhattan_aligner_node.py:328:1: W293 blank line contains whitespace

./scripts/manhattan_aligner_node.py:336:1: W293 blank line contains whitespace

./scripts/manhattan_aligner_node.py:340:1: W293 blank line contains whitespace

./scripts/manhattan_aligner_node.py:346:1: W293 blank line contains whitespace

./scripts/manhattan_aligner_node.py:352:1: W293 blank line contains whitespace

./scripts/manhattan_aligner_node.py:358:1: W293 blank line contains whitespace

./scripts/manhattan_aligner_node.py:362:1: W293 blank line contains whitespace

./scripts/manhattan_aligner_node.py:366:1: W293 blank line contains whitespace

./scripts/manhattan_aligner_node.py:368:100: E501 line too long (109 &gt; 99 characters)

./scripts/manhattan_aligner_node.py:369:1: W293 blank line contains whitespace

./scripts/manhattan_aligner_node.py:374:1: W293 blank line contains whitespace

./scripts/manhattan_aligner_node.py:377:1: W293 blank line contains whitespace

./scripts/manhattan_aligner_node.py:380:1: W293 blank line contains whitespace

./scripts/manhattan_aligner_node.py:392:1: W293 blank line contains whitespace

./scripts/manhattan_aligner_node.py:397:1: W293 blank line contains whitespace

./scripts/manhattan_aligner_node.py:401:1: W293 blank line contains whitespace

./scripts/manhattan_aligner_node.py:410:1: W293 blank line contains whitespace

./scripts/manhattan_aligner_node.py:412:1: W293 blank line contains whitespace

./scripts/manhattan_aligner_node.py:415:1: W293 blank line contains whitespace

./scripts/manhattan_aligner_node.py:423:1: W293 blank line contains whitespace

./scripts/manhattan_aligner_node.py:426:1: W293 blank line contains whitespace

./scripts/manhattan_aligner_node.py:429:1: W293 blank line contains whitespace

./scripts/manhattan_aligner_node.py:436:1: W293 blank line contains whitespace

./scripts/manhattan_aligner_node.py:450:1: W293 blank line contains whitespace

./scripts/manhattan_aligner_node.py:451:13: F841 local variable 'normals_array' is assigned to but never used

./scripts/manhattan_aligner_node.py:452:1: W293 blank line contains whitespace

./scripts/manhattan_aligner_node.py:457:1: W293 blank line contains whitespace

./scripts/manhattan_aligner_node.py:461:1: W293 blank line contains whitespace

./scripts/manhattan_aligner_node.py:464:1: W293 blank line contains whitespace

./scripts/manhattan_aligner_node.py:469:1: W293 blank line contains whitespace

./scripts/manhattan_aligner_node.py:472:1: W293 blank line contains whitespace

./scripts/manhattan_aligner_node.py:475:1: W293 blank line contains whitespace

./scripts/manhattan_aligner_node.py:478:1: W293 blank line contains whitespace

./scripts/manhattan_aligner_node.py:482:1: W293 blank line contains whitespace

./scripts/manhattan_aligner_node.py:491:1: W293 blank line contains whitespace

./scripts/manhattan_aligner_node.py:498:1: W293 blank line contains whitespace

    def fuse_alignment_methods(self, pca_alignment: Optional[Dict], 
                                                                   ^
                             normals_alignment: Optional[Dict]) -&gt; Optional[Dict]:
                             ^
            
^
            
^
            
^
        
^
        
^
        
^
            
^
            
^
        
^
            
^
            
^
    def validate_table_contact(self, points: np.ndarray, rotation: np.ndarray, 
                                                                              ^
                             center: np.ndarray) -&gt; Dict:
                             ^
                
^
            
^
            
^
            
^
            
^
            
^
            
^
            
^
            
^
            
^
                except:
                ^
                
^
            
^
                
^
                
^
            
^
            
^
            
^
            
^
                
^
                    'table_contact_valid': aligned_pose.get('contact_validation', {}).get('is_valid', False)
                                                                                                   ^
            
^
        
^
            
^
            
^
                
^
                start_point = geometry_msgs.msg.Point()
                              ^
                
^
                end_point = geometry_msgs.msg.Point()
                            ^
                
^
                
^
                
^
                marker.color.g = axis_colors[i][1] 
                                                  ^
                
^
                
^
                
^
                
^
                
^
                
^
                
^
                
^
            
^
            
^
            
^
            
^
                pose = geometry_msgs.msg.Pose()
                       ^
                
^
                
^
                
^
                
^
            
^
            
^
            
^
    
^
    main()          ^
from typing import Dict, List, Tuple, Optional
^
import time
^
from somacube_pose_estimation.mathematical_foundations import MathematicalFoundations
^
    from scipy.optimize import minimize
    ^
    from scipy.spatial.distance import cdist
    ^
    
^
        
^
        
^
        
^
        
^
        
^
        
^
        
^
        
^
        
^
        
^
        
^
        
^
        
^
        
^
            
^
            
^
            
^
            
^
            
^
            
^
            
^
            
^
        
^
            
^
                
^
                
^
./scripts/manhattan_aligner_node.py:503:68: W291 trailing whitespace

./scripts/manhattan_aligner_node.py:504:30: E128 continuation line under-indented for visual indent

./scripts/manhattan_aligner_node.py:508:1: W293 blank line contains whitespace

./scripts/manhattan_aligner_node.py:511:1: W293 blank line contains whitespace

./scripts/manhattan_aligner_node.py:514:1: W293 blank line contains whitespace

./scripts/manhattan_aligner_node.py:518:1: W293 blank line contains whitespace

./scripts/manhattan_aligner_node.py:522:1: W293 blank line contains whitespace

./scripts/manhattan_aligner_node.py:525:1: W293 blank line contains whitespace

./scripts/manhattan_aligner_node.py:534:1: W293 blank line contains whitespace

./scripts/manhattan_aligner_node.py:541:1: W293 blank line contains whitespace

./scripts/manhattan_aligner_node.py:545:1: W293 blank line contains whitespace

./scripts/manhattan_aligner_node.py:548:1: W293 blank line contains whitespace

./scripts/manhattan_aligner_node.py:553:1: W293 blank line contains whitespace

./scripts/manhattan_aligner_node.py:556:79: W291 trailing whitespace

./scripts/manhattan_aligner_node.py:557:30: E128 continuation line under-indented for visual indent

./scripts/manhattan_aligner_node.py:562:1: W293 blank line contains whitespace

./scripts/manhattan_aligner_node.py:565:1: W293 blank line contains whitespace

./scripts/manhattan_aligner_node.py:569:1: W293 blank line contains whitespace

./scripts/manhattan_aligner_node.py:573:1: W293 blank line contains whitespace

./scripts/manhattan_aligner_node.py:577:1: W293 blank line contains whitespace

./scripts/manhattan_aligner_node.py:580:1: W293 blank line contains whitespace

./scripts/manhattan_aligner_node.py:590:1: W293 blank line contains whitespace

./scripts/manhattan_aligner_node.py:601:1: W293 blank line contains whitespace

./scripts/manhattan_aligner_node.py:605:1: W293 blank line contains whitespace

./scripts/manhattan_aligner_node.py:609:1: W293 blank line contains whitespace

./scripts/manhattan_aligner_node.py:617:17: E722 do not use bare 'except'

./scripts/manhattan_aligner_node.py:621:1: W293 blank line contains whitespace

./scripts/manhattan_aligner_node.py:627:1: W293 blank line contains whitespace

./scripts/manhattan_aligner_node.py:634:1: W293 blank line contains whitespace

./scripts/manhattan_aligner_node.py:641:1: W293 blank line contains whitespace

./scripts/manhattan_aligner_node.py:645:1: W293 blank line contains whitespace

./scripts/manhattan_aligner_node.py:648:1: W293 blank line contains whitespace

./scripts/manhattan_aligner_node.py:656:1: W293 blank line contains whitespace

./scripts/manhattan_aligner_node.py:660:1: W293 blank line contains whitespace

./scripts/manhattan_aligner_node.py:670:1: W293 blank line contains whitespace

./scripts/manhattan_aligner_node.py:688:100: E501 line too long (108 &gt; 99 characters)

./scripts/manhattan_aligner_node.py:692:1: W293 blank line contains whitespace

./scripts/manhattan_aligner_node.py:705:1: W293 blank line contains whitespace

./scripts/manhattan_aligner_node.py:710:1: W293 blank line contains whitespace

./scripts/manhattan_aligner_node.py:714:1: W293 blank line contains whitespace

./scripts/manhattan_aligner_node.py:722:1: W293 blank line contains whitespace

./scripts/manhattan_aligner_node.py:724:31: F821 undefined name 'geometry_msgs'

./scripts/manhattan_aligner_node.py:726:1: W293 blank line contains whitespace

./scripts/manhattan_aligner_node.py:729:29: F821 undefined name 'geometry_msgs'

./scripts/manhattan_aligner_node.py:733:1: W293 blank line contains whitespace

./scripts/manhattan_aligner_node.py:735:1: W293 blank line contains whitespace

./scripts/manhattan_aligner_node.py:740:1: W293 blank line contains whitespace

./scripts/manhattan_aligner_node.py:743:51: W291 trailing whitespace

./scripts/manhattan_aligner_node.py:746:1: W293 blank line contains whitespace

./scripts/manhattan_aligner_node.py:749:1: W293 blank line contains whitespace

./scripts/manhattan_aligner_node.py:758:1: W293 blank line contains whitespace

./scripts/manhattan_aligner_node.py:763:1: W293 blank line contains whitespace

./scripts/manhattan_aligner_node.py:770:1: W293 blank line contains whitespace

./scripts/manhattan_aligner_node.py:775:1: W293 blank line contains whitespace

./scripts/manhattan_aligner_node.py:781:1: W293 blank line contains whitespace

./scripts/manhattan_aligner_node.py:784:1: W293 blank line contains whitespace

./scripts/manhattan_aligner_node.py:787:1: W293 blank line contains whitespace

./scripts/manhattan_aligner_node.py:807:1: W293 blank line contains whitespace

./scripts/manhattan_aligner_node.py:811:1: W293 blank line contains whitespace

./scripts/manhattan_aligner_node.py:821:1: W293 blank line contains whitespace

./scripts/manhattan_aligner_node.py:823:24: F821 undefined name 'geometry_msgs'

./scripts/manhattan_aligner_node.py:824:1: W293 blank line contains whitespace

./scripts/manhattan_aligner_node.py:830:1: W293 blank line contains whitespace

./scripts/manhattan_aligner_node.py:837:1: W293 blank line contains whitespace

./scripts/manhattan_aligner_node.py:839:1: W293 blank line contains whitespace

./scripts/manhattan_aligner_node.py:841:1: W293 blank line contains whitespace

./scripts/manhattan_aligner_node.py:855:1: W293 blank line contains whitespace

./scripts/manhattan_aligner_node.py:859:1: W293 blank line contains whitespace

./scripts/manhattan_aligner_node.py:867:1: W293 blank line contains whitespace

./scripts/manhattan_aligner_node.py:878:11: W292 no newline at end of file

./scripts/multiview_fusion_node.py:14:1: F401 'typing.Tuple' imported but unused

./scripts/multiview_fusion_node.py:16:1: F401 'time' imported but unused

./scripts/multiview_fusion_node.py:22:1: E402 module level import not at top of file

./scripts/multiview_fusion_node.py:25:5: F401 'scipy.optimize.minimize' imported but unused

./scripts/multiview_fusion_node.py:26:5: F401 'scipy.spatial.distance.cdist' imported but unused

./scripts/multiview_fusion_node.py:34:1: W293 blank line contains whitespace

./scripts/multiview_fusion_node.py:37:1: W293 blank line contains whitespace

./scripts/multiview_fusion_node.py:40:1: W293 blank line contains whitespace

./scripts/multiview_fusion_node.py:43:1: W293 blank line contains whitespace

./scripts/multiview_fusion_node.py:51:1: W293 blank line contains whitespace

./scripts/multiview_fusion_node.py:58:1: W293 blank line contains whitespace

./scripts/multiview_fusion_node.py:65:1: W293 blank line contains whitespace

./scripts/multiview_fusion_node.py:72:1: W293 blank line contains whitespace

[...]
./somacube_pose_estimation/mathematical_foundations.py:71 in public method `pinhole_projection`: D400: First line should end with a period (not '환')
./somacube_pose_estimation/mathematical_foundations.py:71 in public method `pinhole_projection`: D415: First line should end with a period, question mark, or exclamation point (not '환')
./somacube_pose_estimation/mathematical_foundations.py:90 in public method `inverse_projection`: D400: First line should end with a period (not ')')
./somacube_pose_estimation/mathematical_foundations.py:90 in public method `inverse_projection`: D415: First line should end with a period, question mark, or exclamation point (not ')')
./somacube_pose_estimation/mathematical_foundations.py:113 in public method `ransac_plane_removal`: D400: First line should end with a period (not ')')
./somacube_pose_estimation/mathematical_foundations.py:113 in public method `ransac_plane_removal`: D415: First line should end with a period, question mark, or exclamation point (not ')')
./somacube_pose_estimation/mathematical_foundations.py:156 in public method `voxel_downsample`: D400: First line should end with a period (not '링')
./somacube_pose_estimation/mathematical_foundations.py:156 in public method `voxel_downsample`: D415: First line should end with a period, question mark, or exclamation point (not '링')
./somacube_pose_estimation/mathematical_foundations.py:178 in public method `compute_covariance_matrix`: D400: First line should end with a period (not '산')
./somacube_pose_estimation/mathematical_foundations.py:178 in public method `compute_covariance_matrix`: D415: First line should end with a period, question mark, or exclamation point (not '산')
./somacube_pose_estimation/mathematical_foundations.py:194 in public method `spectral_decomposition`: D400: First line should end with a period (not ')')
./somacube_pose_estimation/mathematical_foundations.py:194 in public method `spectral_decomposition`: D415: First line should end with a period, question mark, or exclamation point (not ')')
./somacube_pose_estimation/mathematical_foundations.py:213 in public method `compute_pca_confidence`: D400: First line should end with a period (not '표')
./somacube_pose_estimation/mathematical_foundations.py:213 in public method `compute_pca_confidence`: D415: First line should end with a period, question mark, or exclamation point (not '표')
./somacube_pose_estimation/mathematical_foundations.py:226 in public method `is_linear_structure`: D400: First line should end with a period (not '정')
./somacube_pose_estimation/mathematical_foundations.py:226 in public method `is_linear_structure`: D415: First line should end with a period, question mark, or exclamation point (not '정')
./somacube_pose_estimation/mathematical_foundations.py:232 in public method `estimate_surface_normals_knn`: D400: First line should end with a period (not '정')
./somacube_pose_estimation/mathematical_foundations.py:232 in public method `estimate_surface_normals_knn`: D415: First line should end with a period, question mark, or exclamation point (not '정')
./somacube_pose_estimation/mathematical_foundations.py:262 in public method `align_to_manhattan_world`: D400: First line should end with a period (not ')')
./somacube_pose_estimation/mathematical_foundations.py:262 in public method `align_to_manhattan_world`: D415: First line should end with a period, question mark, or exclamation point (not ')')
./somacube_pose_estimation/mathematical_foundations.py:287 in public method `orthogonalize_rotation`: D400: First line should end with a period (not '화')
./somacube_pose_estimation/mathematical_foundations.py:287 in public method `orthogonalize_rotation`: D415: First line should end with a period, question mark, or exclamation point (not '화')
./somacube_pose_estimation/mathematical_foundations.py:303 in public method `compute_object_dimensions`: D400: First line should end with a period (not '산')
./somacube_pose_estimation/mathematical_foundations.py:303 in public method `compute_object_dimensions`: D415: First line should end with a period, question mark, or exclamation point (not '산')
./somacube_pose_estimation/mathematical_foundations.py:315 in public method `compute_geometric_center`: D400: First line should end with a period (not '심')
./somacube_pose_estimation/mathematical_foundations.py:315 in public method `compute_geometric_center`: D415: First line should end with a period, question mark, or exclamation point (not '심')
./somacube_pose_estimation/mathematical_foundations.py:331 in public method `geodesic_distance_SO3`: D400: First line should end with a period (not '리')
./somacube_pose_estimation/mathematical_foundations.py:331 in public method `geodesic_distance_SO3`: D415: First line should end with a period, question mark, or exclamation point (not '리')
./somacube_pose_estimation/mathematical_foundations.py:343 in public method `riemannian_mean_rotations`: D400: First line should end with a period (not ')')
./somacube_pose_estimation/mathematical_foundations.py:343 in public method `riemannian_mean_rotations`: D415: First line should end with a period, question mark, or exclamation point (not ')')
./somacube_pose_estimation/mathematical_foundations.py:369 in public method `huber_robust_mean`: D400: First line should end with a period (not '균')
./somacube_pose_estimation/mathematical_foundations.py:369 in public method `huber_robust_mean`: D415: First line should end with a period, question mark, or exclamation point (not '균')
checking ./tests/test_mathematical_foundations.py
./tests/test_mathematical_foundations.py:2 at module level: D205: 1 blank line required between summary line and description (found 0)
./tests/test_mathematical_foundations.py:2 at module level: D400: First line should end with a period (not '트')
./tests/test_mathematical_foundations.py:2 at module level: D415: First line should end with a period, question mark, or exclamation point (not '트')
./tests/test_mathematical_foundations.py:19 in public class `TestMathematicalFoundations`: D400: First line should end with a period (not '트')
./tests/test_mathematical_foundations.py:19 in public class `TestMathematicalFoundations`: D415: First line should end with a period, question mark, or exclamation point (not '트')
./tests/test_mathematical_foundations.py:22 in public method `setUp`: D400: First line should end with a period (not '정')
./tests/test_mathematical_foundations.py:22 in public method `setUp`: D415: First line should end with a period, question mark, or exclamation point (not '정')
./tests/test_mathematical_foundations.py:42 in public method `test_spectral_decomposition`: D400: First line should end with a period (not '트')
./tests/test_mathematical_foundations.py:42 in public method `test_spectral_decomposition`: D415: First line should end with a period, question mark, or exclamation point (not '트')
./tests/test_mathematical_foundations.py:56 in public method `test_pca_axis_extraction`: D400: First line should end with a period (not '트')
./tests/test_mathematical_foundations.py:56 in public method `test_pca_axis_extraction`: D415: First line should end with a period, question mark, or exclamation point (not '트')
./tests/test_mathematical_foundations.py:66 in public method `test_manhattan_alignment`: D400: First line should end with a period (not '트')
./tests/test_mathematical_foundations.py:66 in public method `test_manhattan_alignment`: D415: First line should end with a period, question mark, or exclamation point (not '트')
./tests/test_mathematical_foundations.py:91 in public method `test_ransac_plane_removal`: D400: First line should end with a period (not '트')
./tests/test_mathematical_foundations.py:91 in public method `test_ransac_plane_removal`: D415: First line should end with a period, question mark, or exclamation point (not '트')
./tests/test_mathematical_foundations.py:113 in public method `test_rotation_averaging`: D400: First line should end with a period (not '트')
./tests/test_mathematical_foundations.py:113 in public method `test_rotation_averaging`: D415: First line should end with a period, question mark, or exclamation point (not '트')
./tests/test_mathematical_foundations.py:137 in public method `test_robust_estimation`: D400: First line should end with a period (not '트')
./tests/test_mathematical_foundations.py:137 in public method `test_robust_estimation`: D415: First line should end with a period, question mark, or exclamation point (not '트')
./tests/test_mathematical_foundations.py:153 in public method `test_convergence_check`: D400: First line should end with a period (not '트')
./tests/test_mathematical_foundations.py:153 in public method `test_convergence_check`: D415: First line should end with a period, question mark, or exclamation point (not '트')
./tests/test_mathematical_foundations.py:179 in public method `test_coordinate_transform`: D400: First line should end with a period (not '트')
./tests/test_mathematical_foundations.py:179 in public method `test_coordinate_transform`: D415: First line should end with a period, question mark, or exclamation point (not '트')
./tests/test_mathematical_foundations.py:207 in public class `TestSystemIntegration`: D400: First line should end with a period (not '트')
./tests/test_mathematical_foundations.py:207 in public class `TestSystemIntegration`: D415: First line should end with a period, question mark, or exclamation point (not '트')
./tests/test_mathematical_foundations.py:210 in public method `test_calibration_loading`: D400: First line should end with a period (not '트')
./tests/test_mathematical_foundations.py:210 in public method `test_calibration_loading`: D415: First line should end with a period, question mark, or exclamation point (not '트')
./tests/test_mathematical_foundations.py:231 in public method `test_pose_sequence_validation`: D400: First line should end with a period (not '트')
./tests/test_mathematical_foundations.py:231 in public method `test_pose_sequence_validation`: D415: First line should end with a period, question mark, or exclamation point (not '트')
checking ./tests/test_pose_pipeline.py
./tests/test_pose_pipeline.py:2 at module level: D205: 1 blank line required between summary line and description (found 0)
./tests/test_pose_pipeline.py:2 at module level: D400: First line should end with a period (not '트')
./tests/test_pose_pipeline.py:2 at module level: D415: First line should end with a period, question mark, or exclamation point (not '트')
./tests/test_pose_pipeline.py:37 in public class `TestPointCloudPipeline`: D400: First line should end with a period (not '트')
./tests/test_pose_pipeline.py:37 in public class `TestPointCloudPipeline`: D415: First line should end with a period, question mark, or exclamation point (not '트')
./tests/test_pose_pipeline.py:40 in public method `setUp`: D400: First line should end with a period (not '정')
./tests/test_pose_pipeline.py:40 in public method `setUp`: D415: First line should end with a period, question mark, or exclamation point (not '정')
./tests/test_pose_pipeline.py:53 in public method `generate_soma_cube_pointcloud`: D400: First line should end with a period (not '션')
./tests/test_pose_pipeline.py:53 in public method `generate_soma_cube_pointcloud`: D415: First line should end with a period, question mark, or exclamation point (not '션')
./tests/test_pose_pipeline.py:80 in public method `generate_table_pointcloud`: D400: First line should end with a period (not '션')
./tests/test_pose_pipeline.py:80 in public method `generate_table_pointcloud`: D415: First line should end with a period, question mark, or exclamation point (not '션')
./tests/test_pose_pipeline.py:98 in public method `test_table_removal`: D400: First line should end with a period (not '트')
./tests/test_pose_pipeline.py:98 in public method `test_table_removal`: D415: First line should end with a period, question mark, or exclamation point (not '트')
./tests/test_pose_pipeline.py:115 in public method `test_clustering`: D400: First line should end with a period (not '트')
./tests/test_pose_pipeline.py:115 in public method `test_clustering`: D415: First line should end with a period, question mark, or exclamation point (not '트')
./tests/test_pose_pipeline.py:130 in public method `test_voxel_downsampling`: D400: First line should end with a period (not '트')
./tests/test_pose_pipeline.py:130 in public method `test_voxel_downsampling`: D415: First line should end with a period, question mark, or exclamation point (not '트')
./tests/test_pose_pipeline.py:154 in public class `TestPoseEstimation`: D400: First line should end with a period (not '트')
./tests/test_pose_pipeline.py:154 in public class `TestPoseEstimation`: D415: First line should end with a period, question mark, or exclamation point (not '트')
./tests/test_pose_pipeline.py:157 in public method `setUp`: D400: First line should end with a period (not '정')
./tests/test_pose_pipeline.py:157 in public method `setUp`: D415: First line should end with a period, question mark, or exclamation point (not '정')
./tests/test_pose_pipeline.py:164 in public method `generate_aligned_cube`: D400: First line should end with a period (not '성')
./tests/test_pose_pipeline.py:164 in public method `generate_aligned_cube`: D415: First line should end with a period, question mark, or exclamation point (not '성')
./tests/test_pose_pipeline.py:179 in public method `test_pca_axis_extraction`: D400: First line should end with a period (not '트')
./tests/test_pose_pipeline.py:179 in public method `test_pca_axis_extraction`: D415: First line should end with a period, question mark, or exclamation point (not '트')
./tests/test_pose_pipeline.py:200 in public method `test_pose_estimation`: D400: First line should end with a period (not '트')
./tests/test_pose_pipeline.py:200 in public method `test_pose_estimation`: D415: First line should end with a period, question mark, or exclamation point (not '트')
./tests/test_pose_pipeline.py:220 in public class `TestMultiViewFusion`: D400: First line should end with a period (not '트')
./tests/test_pose_pipeline.py:220 in public class `TestMultiViewFusion`: D415: First line should end with a period, question mark, or exclamation point (not '트')
./tests/test_pose_pipeline.py:223 in public method `setUp`: D400: First line should end with a period (not '정')
./tests/test_pose_pipeline.py:223 in public method `setUp`: D415: First line should end with a period, question mark, or exclamation point (not '정')
./tests/test_pose_pipeline.py:230 in public method `generate_multi_view_poses`: D400: First line should end with a period (not '션')
./tests/test_pose_pipeline.py:230 in public method `generate_multi_view_poses`: D415: First line should end with a period, question mark, or exclamation point (not '션')
./tests/test_pose_pipeline.py:255 in public method `test_pose_fusion`: D400: First line should end with a period (not '트')
./tests/test_pose_pipeline.py:255 in public method `test_pose_fusion`: D415: First line should end with a period, question mark, or exclamation point (not '트')
./tests/test_pose_pipeline.py:272 in public method `test_convergence_check`: D400: First line should end with a period (not '트')
./tests/test_pose_pipeline.py:272 in public method `test_convergence_check`: D415: First line should end with a period, question mark, or exclamation point (not '트')
./tests/test_pose_pipeline.py:291 in public class `TestSystemConfiguration`: D400: First line should end with a period (not '트')
./tests/test_pose_pipeline.py:291 in public class `TestSystemConfiguration`: D415: First line should end with a period, question mark, or exclamation point (not '트')
./tests/test_pose_pipeline.py:294 in public method `test_camera_poses_config`: D400: First line should end with a period (not '트')
./tests/test_pose_pipeline.py:294 in public method `test_camera_poses_config`: D415: First line should end with a period, question mark, or exclamation point (not '트')
./tests/test_pose_pipeline.py:325 in public method `test_launch_files_syntax`: D400: First line should end with a period (not '트')
./tests/test_pose_pipeline.py:325 in public method `test_launch_files_syntax`: D415: First line should end with a period, question mark, or exclamation point (not '트')
./tests/test_pose_pipeline.py:351 in public class `TestDoosanIntegration`: D400: First line should end with a period (not '트')
./tests/test_pose_pipeline.py:351 in public class `TestDoosanIntegration`: D415: First line should end with a period, question mark, or exclamation point (not '트')
./tests/test_pose_pipeline.py:354 in public method `test_pose_sequence_generation`: D400: First line should end with a period (not '트')
./tests/test_pose_pipeline.py:354 in public method `test_pose_sequence_generation`: D415: First line should end with a period, question mark, or exclamation point (not '트')
./tests/test_pose_pipeline.py:380 in public method `test_calibration_integration`: D400: First line should end with a period (not '트')
./tests/test_pose_pipeline.py:380 in public method `test_calibration_integration`: D415: First line should end with a period, question mark, or exclamation point (not '트')
513 errors
-- run_test.py: return code 1
-- run_test.py: verify result file '/home/jack/ros2_ws/build/somacube_pose_estimation/test_results/somacube_pose_estimation/pep257.xunit.xml'
</Value>
				</Measurement>
			</Results>
			<Labels>
				<Label>linter</Label>
				<Label>pep257</Label>
			</Labels>
		</Test>
		<Test Status="passed">
			<Name>xmllint</Name>
			<Path>.</Path>
			<FullName>./xmllint</FullName>
			<FullCommandLine>/usr/bin/python3 "-u" "/opt/ros/humble/share/ament_cmake_test/cmake/run_test.py" "/home/jack/ros2_ws/build/somacube_pose_estimation/test_results/somacube_pose_estimation/xmllint.xunit.xml" "--package-name" "somacube_pose_estimation" "--output-file" "/home/jack/ros2_ws/build/somacube_pose_estimation/ament_xmllint/xmllint.txt" "--command" "/opt/ros/humble/bin/ament_xmllint" "--xunit-file" "/home/jack/ros2_ws/build/somacube_pose_estimation/test_results/somacube_pose_estimation/xmllint.xunit.xml"</FullCommandLine>
			<Results>
				<NamedMeasurement type="numeric/double" name="Execution Time">
					<Value>0.103181</Value>
				</NamedMeasurement>
				<NamedMeasurement type="numeric/double" name="Processors">
					<Value>1</Value>
				</NamedMeasurement>
				<NamedMeasurement type="text/string" name="Completion Status">
					<Value>Completed</Value>
				</NamedMeasurement>
				<NamedMeasurement type="text/string" name="Command Line">
					<Value>/usr/bin/python3 "-u" "/opt/ros/humble/share/ament_cmake_test/cmake/run_test.py" "/home/jack/ros2_ws/build/somacube_pose_estimation/test_results/somacube_pose_estimation/xmllint.xunit.xml" "--package-name" "somacube_pose_estimation" "--output-file" "/home/jack/ros2_ws/build/somacube_pose_estimation/ament_xmllint/xmllint.txt" "--command" "/opt/ros/humble/bin/ament_xmllint" "--xunit-file" "/home/jack/ros2_ws/build/somacube_pose_estimation/test_results/somacube_pose_estimation/xmllint.xunit.xml"</Value>
				</NamedMeasurement>
				<NamedMeasurement type="text/string" name="Environment">
					<Value>#CTEST_RESOURCE_GROUP_COUNT=</Value>
				</NamedMeasurement>
				<Measurement>
					<Value>-- run_test.py: invoking following command in '/home/jack/ros2_ws/src/somacube_pose_estimation':
 - /opt/ros/humble/bin/ament_xmllint --xunit-file /home/jack/ros2_ws/build/somacube_pose_estimation/test_results/somacube_pose_estimation/xmllint.xunit.xml
File 'package.xml' is valid

No problems found
-- run_test.py: return code 0
-- run_test.py: verify result file '/home/jack/ros2_ws/build/somacube_pose_estimation/test_results/somacube_pose_estimation/xmllint.xunit.xml'
</Value>
				</Measurement>
			</Results>
			<Labels>
				<Label>linter</Label>
				<Label>xmllint</Label>
			</Labels>
		</Test>
		<EndDateTime>Aug 11 23:05 KST</EndDateTime>
		<EndTestTime>1754921159</EndTestTime>
		<ElapsedMinutes>0</ElapsedMinutes>
	</Testing>
</Site>
